{"/home/linuxdesktop/Code/mutter/src/crdt/vaultMetadataDoc.ts": {"path":"/home/linuxdesktop/Code/mutter/src/crdt/vaultMetadataDoc.ts","statementMap":{"0":{"start":{"line":4,"column":45},"end":{"line":4,"column":null}},"1":{"start":{"line":113,"column":2},"end":{"line":117,"column":null}},"2":{"start":{"line":114,"column":4},"end":{"line":114,"column":null}},"3":{"start":{"line":116,"column":4},"end":{"line":116,"column":null}},"4":{"start":{"line":121,"column":2},"end":{"line":121,"column":null}},"5":{"start":{"line":125,"column":13},"end":{"line":125,"column":null}},"6":{"start":{"line":126,"column":13},"end":{"line":126,"column":null}},"7":{"start":{"line":127,"column":2},"end":{"line":127,"column":null}},"8":{"start":{"line":127,"column":17},"end":{"line":127,"column":null}},"9":{"start":{"line":128,"column":2},"end":{"line":128,"column":null}},"10":{"start":{"line":128,"column":32},"end":{"line":128,"column":null}},"11":{"start":{"line":129,"column":2},"end":{"line":129,"column":null}},"12":{"start":{"line":133,"column":15},"end":{"line":133,"column":null}},"13":{"start":{"line":134,"column":2},"end":{"line":134,"column":null}},"14":{"start":{"line":138,"column":14},"end":{"line":143,"column":null}},"15":{"start":{"line":140,"column":18},"end":{"line":140,"column":26}},"16":{"start":{"line":142,"column":18},"end":{"line":142,"column":33}},"17":{"start":{"line":144,"column":2},"end":{"line":144,"column":null}},"18":{"start":{"line":148,"column":16},"end":{"line":148,"column":null}},"19":{"start":{"line":149,"column":15},"end":{"line":149,"column":null}},"20":{"start":{"line":150,"column":2},"end":{"line":154,"column":null}},"21":{"start":{"line":151,"column":10},"end":{"line":151,"column":null}},"22":{"start":{"line":152,"column":4},"end":{"line":152,"column":null}},"23":{"start":{"line":152,"column":14},"end":{"line":152,"column":null}},"24":{"start":{"line":153,"column":4},"end":{"line":153,"column":null}},"25":{"start":{"line":155,"column":2},"end":{"line":155,"column":null}},"26":{"start":{"line":163,"column":25},"end":{"line":163,"column":null}},"27":{"start":{"line":166,"column":2},"end":{"line":177,"column":null}},"28":{"start":{"line":167,"column":4},"end":{"line":167,"column":null}},"29":{"start":{"line":170,"column":4},"end":{"line":174,"column":null}},"30":{"start":{"line":171,"column":19},"end":{"line":171,"column":null}},"31":{"start":{"line":172,"column":6},"end":{"line":172,"column":null}},"32":{"start":{"line":172,"column":24},"end":{"line":172,"column":null}},"33":{"start":{"line":173,"column":6},"end":{"line":173,"column":null}},"34":{"start":{"line":173,"column":29},"end":{"line":173,"column":null}},"35":{"start":{"line":176,"column":4},"end":{"line":176,"column":null}},"36":{"start":{"line":180,"column":2},"end":{"line":195,"column":null}},"37":{"start":{"line":181,"column":4},"end":{"line":181,"column":null}},"38":{"start":{"line":184,"column":4},"end":{"line":184,"column":null}},"39":{"start":{"line":184,"column":35},"end":{"line":184,"column":null}},"40":{"start":{"line":185,"column":4},"end":{"line":185,"column":null}},"41":{"start":{"line":185,"column":26},"end":{"line":185,"column":null}},"42":{"start":{"line":186,"column":4},"end":{"line":186,"column":null}},"43":{"start":{"line":186,"column":29},"end":{"line":186,"column":null}},"44":{"start":{"line":189,"column":4},"end":{"line":192,"column":null}},"45":{"start":{"line":190,"column":19},"end":{"line":190,"column":null}},"46":{"start":{"line":191,"column":6},"end":{"line":191,"column":null}},"47":{"start":{"line":191,"column":27},"end":{"line":191,"column":null}},"48":{"start":{"line":194,"column":4},"end":{"line":194,"column":null}},"49":{"start":{"line":200,"column":2},"end":{"line":200,"column":null}},"50":{"start":{"line":203,"column":2},"end":{"line":205,"column":null}},"51":{"start":{"line":204,"column":4},"end":{"line":204,"column":null}},"52":{"start":{"line":208,"column":2},"end":{"line":208,"column":null}},"53":{"start":{"line":208,"column":17},"end":{"line":208,"column":null}},"54":{"start":{"line":209,"column":2},"end":{"line":209,"column":null}},"55":{"start":{"line":209,"column":28},"end":{"line":209,"column":null}},"56":{"start":{"line":210,"column":2},"end":{"line":210,"column":null}},"57":{"start":{"line":210,"column":26},"end":{"line":210,"column":null}},"58":{"start":{"line":211,"column":2},"end":{"line":211,"column":null}},"59":{"start":{"line":211,"column":18},"end":{"line":211,"column":null}},"60":{"start":{"line":212,"column":2},"end":{"line":212,"column":null}},"61":{"start":{"line":212,"column":28},"end":{"line":212,"column":null}},"62":{"start":{"line":215,"column":2},"end":{"line":215,"column":null}},"63":{"start":{"line":215,"column":33},"end":{"line":215,"column":null}},"64":{"start":{"line":216,"column":2},"end":{"line":216,"column":null}},"65":{"start":{"line":216,"column":24},"end":{"line":216,"column":null}},"66":{"start":{"line":217,"column":2},"end":{"line":217,"column":null}},"67":{"start":{"line":217,"column":27},"end":{"line":217,"column":null}},"68":{"start":{"line":224,"column":14},"end":{"line":224,"column":null}},"69":{"start":{"line":225,"column":2},"end":{"line":225,"column":null}},"70":{"start":{"line":225,"column":12},"end":{"line":225,"column":null}},"71":{"start":{"line":227,"column":33},"end":{"line":227,"column":null}},"72":{"start":{"line":228,"column":14},"end":{"line":228,"column":null}},"73":{"start":{"line":230,"column":2},"end":{"line":256,"column":null}},"74":{"start":{"line":231,"column":4},"end":{"line":231,"column":null}},"75":{"start":{"line":233,"column":21},"end":{"line":233,"column":null}},"76":{"start":{"line":234,"column":4},"end":{"line":234,"column":null}},"77":{"start":{"line":234,"column":50},"end":{"line":234,"column":null}},"78":{"start":{"line":236,"column":15},"end":{"line":236,"column":null}},"79":{"start":{"line":237,"column":4},"end":{"line":237,"column":null}},"80":{"start":{"line":238,"column":4},"end":{"line":255,"column":null}},"81":{"start":{"line":239,"column":6},"end":{"line":251,"column":null}},"82":{"start":{"line":253,"column":6},"end":{"line":253,"column":null}},"83":{"start":{"line":254,"column":6},"end":{"line":254,"column":null}},"84":{"start":{"line":259,"column":14},"end":{"line":259,"column":null}},"85":{"start":{"line":260,"column":13},"end":{"line":260,"column":null}},"86":{"start":{"line":261,"column":2},"end":{"line":261,"column":null}},"87":{"start":{"line":261,"column":11},"end":{"line":261,"column":null}},"88":{"start":{"line":262,"column":2},"end":{"line":262,"column":null}},"89":{"start":{"line":269,"column":14},"end":{"line":269,"column":null}},"90":{"start":{"line":270,"column":2},"end":{"line":270,"column":null}},"91":{"start":{"line":270,"column":12},"end":{"line":270,"column":null}},"92":{"start":{"line":271,"column":14},"end":{"line":271,"column":null}},"93":{"start":{"line":273,"column":2},"end":{"line":283,"column":null}},"94":{"start":{"line":274,"column":4},"end":{"line":274,"column":null}},"95":{"start":{"line":275,"column":15},"end":{"line":275,"column":null}},"96":{"start":{"line":276,"column":4},"end":{"line":276,"column":null}},"97":{"start":{"line":276,"column":39},"end":{"line":276,"column":null}},"98":{"start":{"line":277,"column":17},"end":{"line":277,"column":null}},"99":{"start":{"line":278,"column":4},"end":{"line":278,"column":null}},"100":{"start":{"line":278,"column":15},"end":{"line":278,"column":null}},"101":{"start":{"line":279,"column":4},"end":{"line":279,"column":null}},"102":{"start":{"line":280,"column":4},"end":{"line":280,"column":null}},"103":{"start":{"line":281,"column":4},"end":{"line":281,"column":null}},"104":{"start":{"line":281,"column":21},"end":{"line":281,"column":null}},"105":{"start":{"line":282,"column":4},"end":{"line":282,"column":null}},"106":{"start":{"line":291,"column":17},"end":{"line":291,"column":null}},"107":{"start":{"line":292,"column":17},"end":{"line":292,"column":null}},"108":{"start":{"line":293,"column":2},"end":{"line":293,"column":null}},"109":{"start":{"line":293,"column":47},"end":{"line":293,"column":null}},"110":{"start":{"line":294,"column":14},"end":{"line":294,"column":null}},"111":{"start":{"line":296,"column":2},"end":{"line":307,"column":null}},"112":{"start":{"line":297,"column":4},"end":{"line":297,"column":null}},"113":{"start":{"line":298,"column":15},"end":{"line":298,"column":null}},"114":{"start":{"line":299,"column":4},"end":{"line":299,"column":null}},"115":{"start":{"line":299,"column":39},"end":{"line":299,"column":null}},"116":{"start":{"line":300,"column":4},"end":{"line":300,"column":null}},"117":{"start":{"line":301,"column":4},"end":{"line":301,"column":null}},"118":{"start":{"line":302,"column":17},"end":{"line":302,"column":null}},"119":{"start":{"line":303,"column":4},"end":{"line":303,"column":null}},"120":{"start":{"line":303,"column":15},"end":{"line":303,"column":null}},"121":{"start":{"line":304,"column":4},"end":{"line":304,"column":null}},"122":{"start":{"line":305,"column":4},"end":{"line":305,"column":null}},"123":{"start":{"line":306,"column":4},"end":{"line":306,"column":null}},"124":{"start":{"line":311,"column":13},"end":{"line":311,"column":null}},"125":{"start":{"line":312,"column":2},"end":{"line":312,"column":null}},"126":{"start":{"line":312,"column":11},"end":{"line":312,"column":null}},"127":{"start":{"line":313,"column":15},"end":{"line":313,"column":null}},"128":{"start":{"line":314,"column":14},"end":{"line":314,"column":null}},"129":{"start":{"line":316,"column":2},"end":{"line":322,"column":null}},"130":{"start":{"line":317,"column":4},"end":{"line":317,"column":null}},"131":{"start":{"line":318,"column":17},"end":{"line":318,"column":null}},"132":{"start":{"line":319,"column":4},"end":{"line":319,"column":null}},"133":{"start":{"line":319,"column":15},"end":{"line":319,"column":null}},"134":{"start":{"line":320,"column":4},"end":{"line":320,"column":null}},"135":{"start":{"line":321,"column":4},"end":{"line":321,"column":null}},"136":{"start":{"line":326,"column":13},"end":{"line":326,"column":null}},"137":{"start":{"line":327,"column":2},"end":{"line":327,"column":null}},"138":{"start":{"line":327,"column":11},"end":{"line":327,"column":null}},"139":{"start":{"line":328,"column":15},"end":{"line":328,"column":null}},"140":{"start":{"line":329,"column":14},"end":{"line":329,"column":null}},"141":{"start":{"line":331,"column":2},"end":{"line":337,"column":null}},"142":{"start":{"line":332,"column":4},"end":{"line":332,"column":null}},"143":{"start":{"line":333,"column":17},"end":{"line":333,"column":null}},"144":{"start":{"line":334,"column":4},"end":{"line":334,"column":null}},"145":{"start":{"line":334,"column":15},"end":{"line":334,"column":null}},"146":{"start":{"line":335,"column":4},"end":{"line":335,"column":null}},"147":{"start":{"line":336,"column":4},"end":{"line":336,"column":null}},"148":{"start":{"line":341,"column":14},"end":{"line":341,"column":null}},"149":{"start":{"line":342,"column":2},"end":{"line":342,"column":null}},"150":{"start":{"line":342,"column":12},"end":{"line":342,"column":null}},"151":{"start":{"line":343,"column":13},"end":{"line":343,"column":null}},"152":{"start":{"line":344,"column":2},"end":{"line":344,"column":null}},"153":{"start":{"line":348,"column":13},"end":{"line":348,"column":null}},"154":{"start":{"line":349,"column":2},"end":{"line":349,"column":null}},"155":{"start":{"line":349,"column":11},"end":{"line":349,"column":null}},"156":{"start":{"line":350,"column":15},"end":{"line":350,"column":null}},"157":{"start":{"line":351,"column":2},"end":{"line":351,"column":null}},"158":{"start":{"line":351,"column":13},"end":{"line":351,"column":null}},"159":{"start":{"line":352,"column":2},"end":{"line":352,"column":null}},"160":{"start":{"line":364,"column":13},"end":{"line":364,"column":null}},"161":{"start":{"line":365,"column":2},"end":{"line":365,"column":null}},"162":{"start":{"line":365,"column":11},"end":{"line":365,"column":null}},"163":{"start":{"line":366,"column":14},"end":{"line":366,"column":null}},"164":{"start":{"line":368,"column":2},"end":{"line":394,"column":null}},"165":{"start":{"line":369,"column":4},"end":{"line":369,"column":null}},"166":{"start":{"line":370,"column":17},"end":{"line":370,"column":null}},"167":{"start":{"line":371,"column":4},"end":{"line":371,"column":null}},"168":{"start":{"line":371,"column":15},"end":{"line":371,"column":null}},"169":{"start":{"line":374,"column":4},"end":{"line":374,"column":null}},"170":{"start":{"line":375,"column":4},"end":{"line":375,"column":null}},"171":{"start":{"line":378,"column":4},"end":{"line":391,"column":null}},"172":{"start":{"line":379,"column":6},"end":{"line":379,"column":null}},"173":{"start":{"line":379,"column":21},"end":{"line":379,"column":null}},"174":{"start":{"line":381,"column":6},"end":{"line":385,"column":null}},"175":{"start":{"line":387,"column":6},"end":{"line":389,"column":null}},"176":{"start":{"line":388,"column":8},"end":{"line":388,"column":null}},"177":{"start":{"line":390,"column":6},"end":{"line":390,"column":null}},"178":{"start":{"line":393,"column":4},"end":{"line":393,"column":null}},"179":{"start":{"line":401,"column":15},"end":{"line":401,"column":null}},"180":{"start":{"line":402,"column":2},"end":{"line":402,"column":null}},"181":{"start":{"line":402,"column":13},"end":{"line":402,"column":null}},"182":{"start":{"line":403,"column":2},"end":{"line":403,"column":null}},"183":{"start":{"line":410,"column":2},"end":{"line":414,"column":null}},"184":{"start":{"line":411,"column":4},"end":{"line":413,"column":null}},"185":{"start":{"line":412,"column":6},"end":{"line":412,"column":null}},"186":{"start":{"line":415,"column":2},"end":{"line":415,"column":null}},"187":{"start":{"line":432,"column":13},"end":{"line":432,"column":null}},"188":{"start":{"line":433,"column":14},"end":{"line":433,"column":null}},"189":{"start":{"line":435,"column":2},"end":{"line":446,"column":null}},"190":{"start":{"line":436,"column":4},"end":{"line":436,"column":null}},"191":{"start":{"line":438,"column":4},"end":{"line":445,"column":null}},"192":{"start":{"line":448,"column":2},"end":{"line":448,"column":null}},"193":{"start":{"line":461,"column":14},"end":{"line":461,"column":null}},"194":{"start":{"line":463,"column":2},"end":{"line":473,"column":null}},"195":{"start":{"line":464,"column":4},"end":{"line":464,"column":null}},"196":{"start":{"line":466,"column":16},"end":{"line":466,"column":null}},"197":{"start":{"line":467,"column":4},"end":{"line":467,"column":null}},"198":{"start":{"line":467,"column":14},"end":{"line":467,"column":null}},"199":{"start":{"line":469,"column":4},"end":{"line":469,"column":null}},"200":{"start":{"line":469,"column":35},"end":{"line":469,"column":null}},"201":{"start":{"line":470,"column":4},"end":{"line":470,"column":null}},"202":{"start":{"line":470,"column":37},"end":{"line":470,"column":null}},"203":{"start":{"line":471,"column":4},"end":{"line":471,"column":null}},"204":{"start":{"line":471,"column":35},"end":{"line":471,"column":null}},"205":{"start":{"line":472,"column":4},"end":{"line":472,"column":null}},"206":{"start":{"line":484,"column":2},"end":{"line":498,"column":null}},"207":{"start":{"line":485,"column":4},"end":{"line":485,"column":null}},"208":{"start":{"line":488,"column":4},"end":{"line":488,"column":null}},"209":{"start":{"line":491,"column":4},"end":{"line":497,"column":null}},"210":{"start":{"line":492,"column":6},"end":{"line":496,"column":null}},"211":{"start":{"line":493,"column":8},"end":{"line":495,"column":null}},"212":{"start":{"line":494,"column":36},"end":{"line":494,"column":null}},"213":{"start":{"line":510,"column":14},"end":{"line":510,"column":null}},"214":{"start":{"line":512,"column":2},"end":{"line":541,"column":null}},"215":{"start":{"line":513,"column":4},"end":{"line":513,"column":null}},"216":{"start":{"line":515,"column":17},"end":{"line":515,"column":null}},"217":{"start":{"line":516,"column":4},"end":{"line":516,"column":null}},"218":{"start":{"line":516,"column":15},"end":{"line":516,"column":null}},"219":{"start":{"line":519,"column":4},"end":{"line":519,"column":null}},"220":{"start":{"line":519,"column":56},"end":{"line":519,"column":null}},"221":{"start":{"line":522,"column":4},"end":{"line":522,"column":null}},"222":{"start":{"line":522,"column":25},"end":{"line":522,"column":null}},"223":{"start":{"line":525,"column":26},"end":{"line":527,"column":null}},"224":{"start":{"line":526,"column":32},"end":{"line":526,"column":null}},"225":{"start":{"line":529,"column":4},"end":{"line":538,"column":null}},"226":{"start":{"line":531,"column":6},"end":{"line":531,"column":null}},"227":{"start":{"line":534,"column":6},"end":{"line":537,"column":null}},"228":{"start":{"line":540,"column":4},"end":{"line":540,"column":null}},"229":{"start":{"line":552,"column":14},"end":{"line":552,"column":null}},"230":{"start":{"line":554,"column":2},"end":{"line":564,"column":null}},"231":{"start":{"line":555,"column":4},"end":{"line":555,"column":null}},"232":{"start":{"line":557,"column":17},"end":{"line":557,"column":null}},"233":{"start":{"line":558,"column":4},"end":{"line":558,"column":null}},"234":{"start":{"line":558,"column":34},"end":{"line":558,"column":null}},"235":{"start":{"line":560,"column":4},"end":{"line":562,"column":null}},"236":{"start":{"line":561,"column":32},"end":{"line":561,"column":null}},"237":{"start":{"line":563,"column":4},"end":{"line":563,"column":null}},"238":{"start":{"line":571,"column":2},"end":{"line":571,"column":null}},"239":{"start":{"line":578,"column":2},"end":{"line":578,"column":null}},"240":{"start":{"line":585,"column":15},"end":{"line":585,"column":null}},"241":{"start":{"line":586,"column":2},"end":{"line":586,"column":null}},"242":{"start":{"line":586,"column":13},"end":{"line":586,"column":null}},"243":{"start":{"line":587,"column":2},"end":{"line":587,"column":null}},"244":{"start":{"line":606,"column":13},"end":{"line":606,"column":null}},"245":{"start":{"line":607,"column":14},"end":{"line":607,"column":null}},"246":{"start":{"line":609,"column":2},"end":{"line":630,"column":null}},"247":{"start":{"line":610,"column":4},"end":{"line":610,"column":null}},"248":{"start":{"line":613,"column":4},"end":{"line":621,"column":null}},"249":{"start":{"line":624,"column":4},"end":{"line":626,"column":null}},"250":{"start":{"line":625,"column":6},"end":{"line":625,"column":null}},"251":{"start":{"line":627,"column":4},"end":{"line":629,"column":null}},"252":{"start":{"line":628,"column":6},"end":{"line":628,"column":null}},"253":{"start":{"line":632,"column":2},"end":{"line":632,"column":null}},"254":{"start":{"line":643,"column":2},"end":{"line":663,"column":null}},"255":{"start":{"line":644,"column":4},"end":{"line":644,"column":null}},"256":{"start":{"line":646,"column":17},"end":{"line":646,"column":null}},"257":{"start":{"line":647,"column":4},"end":{"line":647,"column":null}},"258":{"start":{"line":647,"column":15},"end":{"line":647,"column":null}},"259":{"start":{"line":650,"column":25},"end":{"line":650,"column":null}},"260":{"start":{"line":651,"column":4},"end":{"line":659,"column":null}},"261":{"start":{"line":652,"column":6},"end":{"line":654,"column":null}},"262":{"start":{"line":653,"column":24},"end":{"line":653,"column":null}},"263":{"start":{"line":656,"column":6},"end":{"line":658,"column":null}},"264":{"start":{"line":657,"column":8},"end":{"line":657,"column":null}},"265":{"start":{"line":662,"column":4},"end":{"line":662,"column":null}},"266":{"start":{"line":674,"column":2},"end":{"line":698,"column":null}},"267":{"start":{"line":675,"column":4},"end":{"line":675,"column":null}},"268":{"start":{"line":678,"column":36},"end":{"line":678,"column":null}},"269":{"start":{"line":679,"column":4},"end":{"line":683,"column":null}},"270":{"start":{"line":680,"column":6},"end":{"line":682,"column":null}},"271":{"start":{"line":681,"column":8},"end":{"line":681,"column":null}},"272":{"start":{"line":686,"column":4},"end":{"line":697,"column":null}},"273":{"start":{"line":687,"column":19},"end":{"line":687,"column":null}},"274":{"start":{"line":688,"column":6},"end":{"line":695,"column":null}},"275":{"start":{"line":689,"column":8},"end":{"line":691,"column":null}},"276":{"start":{"line":690,"column":26},"end":{"line":690,"column":null}},"277":{"start":{"line":692,"column":8},"end":{"line":694,"column":null}},"278":{"start":{"line":693,"column":10},"end":{"line":693,"column":null}},"279":{"start":{"line":696,"column":6},"end":{"line":696,"column":null}},"280":{"start":{"line":710,"column":18},"end":{"line":710,"column":null}},"281":{"start":{"line":711,"column":16},"end":{"line":713,"column":null}},"282":{"start":{"line":712,"column":15},"end":{"line":712,"column":41}},"283":{"start":{"line":713,"column":41},"end":{"line":713,"column":59}},"284":{"start":{"line":716,"column":2},"end":{"line":718,"column":null}},"285":{"start":{"line":717,"column":4},"end":{"line":717,"column":null}},"286":{"start":{"line":717,"column":32},"end":{"line":717,"column":69}},"287":{"start":{"line":720,"column":2},"end":{"line":720,"column":null}},"288":{"start":{"line":730,"column":2},"end":{"line":732,"column":null}},"289":{"start":{"line":731,"column":12},"end":{"line":731,"column":null}},"290":{"start":{"line":739,"column":2},"end":{"line":739,"column":null}},"291":{"start":{"line":751,"column":2},"end":{"line":755,"column":null}},"292":{"start":{"line":752,"column":4},"end":{"line":754,"column":null}},"293":{"start":{"line":769,"column":2},"end":{"line":771,"column":null}},"294":{"start":{"line":770,"column":4},"end":{"line":770,"column":null}},"295":{"start":{"line":770,"column":31},"end":{"line":770,"column":70}},"296":{"start":{"line":783,"column":2},"end":{"line":792,"column":null}},"297":{"start":{"line":784,"column":21},"end":{"line":784,"column":null}},"298":{"start":{"line":784,"column":48},"end":{"line":784,"column":87}},"299":{"start":{"line":785,"column":4},"end":{"line":785,"column":null}},"300":{"start":{"line":785,"column":19},"end":{"line":785,"column":null}},"301":{"start":{"line":786,"column":23},"end":{"line":786,"column":null}},"302":{"start":{"line":787,"column":4},"end":{"line":790,"column":null}},"303":{"start":{"line":789,"column":6},"end":{"line":789,"column":null}},"304":{"start":{"line":791,"column":4},"end":{"line":791,"column":null}},"305":{"start":{"line":802,"column":20},"end":{"line":802,"column":null}},"306":{"start":{"line":803,"column":24},"end":{"line":803,"column":null}},"307":{"start":{"line":803,"column":58},"end":{"line":803,"column":75}},"308":{"start":{"line":804,"column":2},"end":{"line":806,"column":null}},"309":{"start":{"line":805,"column":15},"end":{"line":805,"column":35}},"310":{"start":{"line":806,"column":41},"end":{"line":806,"column":59}},"311":{"start":{"line":816,"column":19},"end":{"line":816,"column":null}},"312":{"start":{"line":817,"column":19},"end":{"line":817,"column":null}},"313":{"start":{"line":818,"column":2},"end":{"line":822,"column":null}}},"fnMap":{"0":{"name":"newId","decl":{"start":{"line":112,"column":9},"end":{"line":112,"column":25}},"loc":{"start":{"line":112,"column":25},"end":{"line":118,"column":null}},"line":112},"1":{"name":"normalizePath","decl":{"start":{"line":120,"column":9},"end":{"line":120,"column":23}},"loc":{"start":{"line":120,"column":42},"end":{"line":122,"column":null}},"line":120},"2":{"name":"toVaultRelativePath","decl":{"start":{"line":124,"column":16},"end":{"line":124,"column":36}},"loc":{"start":{"line":124,"column":88},"end":{"line":130,"column":null}},"line":124},"3":{"name":"titleFromRelPath","decl":{"start":{"line":132,"column":9},"end":{"line":132,"column":26}},"loc":{"start":{"line":132,"column":51},"end":{"line":135,"column":null}},"line":132},"4":{"name":"sanitizeTags","decl":{"start":{"line":137,"column":9},"end":{"line":137,"column":22}},"loc":{"start":{"line":137,"column":48},"end":{"line":145,"column":null}},"line":137},"5":{"name":"(anonymous_5)","decl":{"start":{"line":140,"column":11},"end":{"line":140,"column":12}},"loc":{"start":{"line":140,"column":18},"end":{"line":140,"column":26}},"line":140},"6":{"name":"(anonymous_6)","decl":{"start":{"line":142,"column":11},"end":{"line":142,"column":12}},"loc":{"start":{"line":142,"column":18},"end":{"line":142,"column":33}},"line":142},"7":{"name":"extractLinksFromText","decl":{"start":{"line":147,"column":9},"end":{"line":147,"column":30}},"loc":{"start":{"line":147,"column":54},"end":{"line":156,"column":null}},"line":147},"8":{"name":"migrateVaultMetadataDoc","decl":{"start":{"line":162,"column":9},"end":{"line":162,"column":33}},"loc":{"start":{"line":162,"column":49},"end":{"line":196,"column":null}},"line":162},"9":{"name":"ensureVaultMetadataDocShape","decl":{"start":{"line":198,"column":16},"end":{"line":198,"column":44}},"loc":{"start":{"line":198,"column":77},"end":{"line":218,"column":null}},"line":198},"10":{"name":"ensureNoteForRelPath","decl":{"start":{"line":220,"column":22},"end":{"line":220,"column":null}},"loc":{"start":{"line":223,"column":19},"end":{"line":263,"column":null}},"line":223},"11":{"name":"(anonymous_11)","decl":{"start":{"line":230,"column":16},"end":{"line":230,"column":17}},"loc":{"start":{"line":230,"column":30},"end":{"line":256,"column":3}},"line":230},"12":{"name":"recordNoteOpened","decl":{"start":{"line":265,"column":16},"end":{"line":265,"column":33}},"loc":{"start":{"line":268,"column":9},"end":{"line":284,"column":null}},"line":268},"13":{"name":"(anonymous_13)","decl":{"start":{"line":273,"column":23},"end":{"line":273,"column":24}},"loc":{"start":{"line":273,"column":37},"end":{"line":283,"column":3}},"line":273},"14":{"name":"recordNoteRenamed","decl":{"start":{"line":286,"column":16},"end":{"line":286,"column":34}},"loc":{"start":{"line":290,"column":9},"end":{"line":308,"column":null}},"line":290},"15":{"name":"(anonymous_15)","decl":{"start":{"line":296,"column":23},"end":{"line":296,"column":24}},"loc":{"start":{"line":296,"column":37},"end":{"line":307,"column":3}},"line":296},"16":{"name":"setNoteTags","decl":{"start":{"line":310,"column":16},"end":{"line":310,"column":28}},"loc":{"start":{"line":310,"column":115},"end":{"line":323,"column":null}},"line":310},"17":{"name":"(anonymous_17)","decl":{"start":{"line":316,"column":23},"end":{"line":316,"column":24}},"loc":{"start":{"line":316,"column":37},"end":{"line":322,"column":3}},"line":316},"18":{"name":"setNoteLinksFromContent","decl":{"start":{"line":325,"column":16},"end":{"line":325,"column":40}},"loc":{"start":{"line":325,"column":128},"end":{"line":338,"column":null}},"line":325},"19":{"name":"(anonymous_19)","decl":{"start":{"line":331,"column":23},"end":{"line":331,"column":24}},"loc":{"start":{"line":331,"column":37},"end":{"line":337,"column":3}},"line":331},"20":{"name":"findNoteIdByRelPath","decl":{"start":{"line":340,"column":16},"end":{"line":340,"column":36}},"loc":{"start":{"line":340,"column":91},"end":{"line":345,"column":null}},"line":340},"21":{"name":"findRelPathByNoteId","decl":{"start":{"line":347,"column":16},"end":{"line":347,"column":36}},"loc":{"start":{"line":347,"column":90},"end":{"line":353,"column":null}},"line":347},"22":{"name":"updateNoteBlocks","decl":{"start":{"line":359,"column":16},"end":{"line":359,"column":33}},"loc":{"start":{"line":363,"column":9},"end":{"line":395,"column":null}},"line":363},"23":{"name":"(anonymous_23)","decl":{"start":{"line":368,"column":23},"end":{"line":368,"column":24}},"loc":{"start":{"line":368,"column":37},"end":{"line":394,"column":3}},"line":368},"24":{"name":"getBlockFromNote","decl":{"start":{"line":400,"column":16},"end":{"line":400,"column":33}},"loc":{"start":{"line":400,"column":113},"end":{"line":404,"column":null}},"line":400},"25":{"name":"findNoteByBlockId","decl":{"start":{"line":409,"column":16},"end":{"line":409,"column":34}},"loc":{"start":{"line":409,"column":125},"end":{"line":416,"column":null}},"line":409},"26":{"name":"createSupertagDefinition","decl":{"start":{"line":426,"column":16},"end":{"line":426,"column":41}},"loc":{"start":{"line":431,"column":11},"end":{"line":449,"column":null}},"line":431},"27":{"name":"(anonymous_27)","decl":{"start":{"line":435,"column":23},"end":{"line":435,"column":24}},"loc":{"start":{"line":435,"column":37},"end":{"line":446,"column":3}},"line":435},"28":{"name":"updateSupertagDefinition","decl":{"start":{"line":454,"column":16},"end":{"line":454,"column":41}},"loc":{"start":{"line":460,"column":9},"end":{"line":474,"column":null}},"line":460},"29":{"name":"(anonymous_29)","decl":{"start":{"line":463,"column":23},"end":{"line":463,"column":24}},"loc":{"start":{"line":463,"column":37},"end":{"line":473,"column":3}},"line":463},"30":{"name":"deleteSupertagDefinition","decl":{"start":{"line":480,"column":16},"end":{"line":480,"column":41}},"loc":{"start":{"line":483,"column":9},"end":{"line":499,"column":null}},"line":483},"31":{"name":"(anonymous_31)","decl":{"start":{"line":484,"column":23},"end":{"line":484,"column":24}},"loc":{"start":{"line":484,"column":37},"end":{"line":498,"column":3}},"line":484},"32":{"name":"(anonymous_32)","decl":{"start":{"line":494,"column":10},"end":{"line":494,"column":11}},"loc":{"start":{"line":494,"column":36},"end":{"line":494,"column":null}},"line":494},"33":{"name":"applySupertagToNote","decl":{"start":{"line":504,"column":16},"end":{"line":504,"column":36}},"loc":{"start":{"line":509,"column":9},"end":{"line":542,"column":null}},"line":509},"34":{"name":"(anonymous_34)","decl":{"start":{"line":512,"column":23},"end":{"line":512,"column":24}},"loc":{"start":{"line":512,"column":37},"end":{"line":541,"column":3}},"line":512},"35":{"name":"(anonymous_35)","decl":{"start":{"line":526,"column":6},"end":{"line":526,"column":7}},"loc":{"start":{"line":526,"column":32},"end":{"line":526,"column":null}},"line":526},"36":{"name":"removeSupertagFromNote","decl":{"start":{"line":547,"column":16},"end":{"line":547,"column":39}},"loc":{"start":{"line":551,"column":9},"end":{"line":565,"column":null}},"line":551},"37":{"name":"(anonymous_37)","decl":{"start":{"line":554,"column":23},"end":{"line":554,"column":24}},"loc":{"start":{"line":554,"column":37},"end":{"line":564,"column":3}},"line":554},"38":{"name":"(anonymous_38)","decl":{"start":{"line":561,"column":6},"end":{"line":561,"column":7}},"loc":{"start":{"line":561,"column":32},"end":{"line":561,"column":null}},"line":561},"39":{"name":"getSupertagDefinition","decl":{"start":{"line":570,"column":16},"end":{"line":570,"column":38}},"loc":{"start":{"line":570,"column":110},"end":{"line":572,"column":null}},"line":570},"40":{"name":"getAllSupertagDefinitions","decl":{"start":{"line":577,"column":16},"end":{"line":577,"column":42}},"loc":{"start":{"line":577,"column":87},"end":{"line":579,"column":null}},"line":577},"41":{"name":"getNoteSupertagInstances","decl":{"start":{"line":584,"column":16},"end":{"line":584,"column":41}},"loc":{"start":{"line":584,"column":100},"end":{"line":588,"column":null}},"line":584},"42":{"name":"addGraphEdge","decl":{"start":{"line":598,"column":16},"end":{"line":598,"column":29}},"loc":{"start":{"line":605,"column":11},"end":{"line":633,"column":null}},"line":605},"43":{"name":"(anonymous_43)","decl":{"start":{"line":609,"column":23},"end":{"line":609,"column":24}},"loc":{"start":{"line":609,"column":37},"end":{"line":630,"column":3}},"line":609},"44":{"name":"removeGraphEdge","decl":{"start":{"line":639,"column":16},"end":{"line":639,"column":32}},"loc":{"start":{"line":642,"column":9},"end":{"line":664,"column":null}},"line":642},"45":{"name":"(anonymous_45)","decl":{"start":{"line":643,"column":23},"end":{"line":643,"column":24}},"loc":{"start":{"line":643,"column":37},"end":{"line":663,"column":3}},"line":643},"46":{"name":"(anonymous_46)","decl":{"start":{"line":653,"column":8},"end":{"line":653,"column":9}},"loc":{"start":{"line":653,"column":24},"end":{"line":653,"column":null}},"line":653},"47":{"name":"removeEdgesFromNote","decl":{"start":{"line":670,"column":16},"end":{"line":670,"column":36}},"loc":{"start":{"line":673,"column":9},"end":{"line":699,"column":null}},"line":673},"48":{"name":"(anonymous_48)","decl":{"start":{"line":674,"column":23},"end":{"line":674,"column":24}},"loc":{"start":{"line":674,"column":37},"end":{"line":698,"column":3}},"line":674},"49":{"name":"(anonymous_49)","decl":{"start":{"line":690,"column":10},"end":{"line":690,"column":11}},"loc":{"start":{"line":690,"column":26},"end":{"line":690,"column":null}},"line":690},"50":{"name":"getBacklinks","decl":{"start":{"line":705,"column":16},"end":{"line":705,"column":29}},"loc":{"start":{"line":709,"column":16},"end":{"line":721,"column":null}},"line":709},"51":{"name":"(anonymous_51)","decl":{"start":{"line":712,"column":9},"end":{"line":712,"column":15}},"loc":{"start":{"line":712,"column":15},"end":{"line":712,"column":41}},"line":712},"52":{"name":"(anonymous_52)","decl":{"start":{"line":713,"column":12},"end":{"line":713,"column":13}},"loc":{"start":{"line":713,"column":41},"end":{"line":713,"column":59}},"line":713},"53":{"name":"(anonymous_53)","decl":{"start":{"line":717,"column":24},"end":{"line":717,"column":32}},"loc":{"start":{"line":717,"column":32},"end":{"line":717,"column":69}},"line":717},"54":{"name":"getOutgoingLinks","decl":{"start":{"line":726,"column":16},"end":{"line":726,"column":33}},"loc":{"start":{"line":729,"column":16},"end":{"line":733,"column":null}},"line":729},"55":{"name":"(anonymous_55)","decl":{"start":{"line":731,"column":4},"end":{"line":731,"column":12}},"loc":{"start":{"line":731,"column":12},"end":{"line":731,"column":null}},"line":731},"56":{"name":"getGraphEdge","decl":{"start":{"line":738,"column":16},"end":{"line":738,"column":29}},"loc":{"start":{"line":738,"column":86},"end":{"line":740,"column":null}},"line":738},"57":{"name":"hasLinkBetween","decl":{"start":{"line":745,"column":16},"end":{"line":745,"column":31}},"loc":{"start":{"line":750,"column":12},"end":{"line":756,"column":null}},"line":750},"58":{"name":"(anonymous_58)","decl":{"start":{"line":751,"column":52},"end":{"line":751,"column":null}},"loc":{"start":{"line":752,"column":4},"end":{"line":754,"column":null}},"line":752},"59":{"name":"findNotesBySupertag","decl":{"start":{"line":765,"column":16},"end":{"line":765,"column":36}},"loc":{"start":{"line":768,"column":16},"end":{"line":772,"column":null}},"line":768},"60":{"name":"(anonymous_60)","decl":{"start":{"line":769,"column":48},"end":{"line":769,"column":null}},"loc":{"start":{"line":770,"column":4},"end":{"line":770,"column":null}},"line":770},"61":{"name":"(anonymous_61)","decl":{"start":{"line":770,"column":25},"end":{"line":770,"column":31}},"loc":{"start":{"line":770,"column":31},"end":{"line":770,"column":70}},"line":770},"62":{"name":"findNotesBySupertagField","decl":{"start":{"line":777,"column":16},"end":{"line":777,"column":41}},"loc":{"start":{"line":782,"column":16},"end":{"line":793,"column":null}},"line":782},"63":{"name":"(anonymous_63)","decl":{"start":{"line":783,"column":48},"end":{"line":783,"column":56}},"loc":{"start":{"line":783,"column":56},"end":{"line":792,"column":3}},"line":783},"64":{"name":"(anonymous_64)","decl":{"start":{"line":784,"column":42},"end":{"line":784,"column":48}},"loc":{"start":{"line":784,"column":48},"end":{"line":784,"column":87}},"line":784},"65":{"name":"getNotesLinkingTo","decl":{"start":{"line":798,"column":16},"end":{"line":798,"column":34}},"loc":{"start":{"line":801,"column":16},"end":{"line":807,"column":null}},"line":801},"66":{"name":"(anonymous_66)","decl":{"start":{"line":803,"column":50},"end":{"line":803,"column":58}},"loc":{"start":{"line":803,"column":58},"end":{"line":803,"column":75}},"line":803},"67":{"name":"(anonymous_67)","decl":{"start":{"line":805,"column":9},"end":{"line":805,"column":15}},"loc":{"start":{"line":805,"column":15},"end":{"line":805,"column":35}},"line":805},"68":{"name":"(anonymous_68)","decl":{"start":{"line":806,"column":12},"end":{"line":806,"column":13}},"loc":{"start":{"line":806,"column":41},"end":{"line":806,"column":59}},"line":806},"69":{"name":"getNoteGraphStats","decl":{"start":{"line":812,"column":16},"end":{"line":812,"column":34}},"loc":{"start":{"line":815,"column":79},"end":{"line":823,"column":null}},"line":815}},"branchMap":{"0":{"loc":{"start":{"line":127,"column":2},"end":{"line":127,"column":null}},"type":"if","locations":[{"start":{"line":127,"column":2},"end":{"line":127,"column":null}},{"start":{},"end":{}}],"line":127},"1":{"loc":{"start":{"line":128,"column":2},"end":{"line":128,"column":null}},"type":"if","locations":[{"start":{"line":128,"column":2},"end":{"line":128,"column":null}},{"start":{},"end":{}}],"line":128},"2":{"loc":{"start":{"line":133,"column":15},"end":{"line":133,"column":null}},"type":"binary-expr","locations":[{"start":{"line":133,"column":15},"end":{"line":133,"column":43}},{"start":{"line":133,"column":43},"end":{"line":133,"column":null}}],"line":133},"3":{"loc":{"start":{"line":134,"column":9},"end":{"line":134,"column":null}},"type":"binary-expr","locations":[{"start":{"line":134,"column":9},"end":{"line":134,"column":39}},{"start":{"line":134,"column":39},"end":{"line":134,"column":null}}],"line":134},"4":{"loc":{"start":{"line":151,"column":17},"end":{"line":151,"column":29}},"type":"binary-expr","locations":[{"start":{"line":151,"column":17},"end":{"line":151,"column":25}},{"start":{"line":151,"column":25},"end":{"line":151,"column":29}}],"line":151},"5":{"loc":{"start":{"line":152,"column":4},"end":{"line":152,"column":null}},"type":"if","locations":[{"start":{"line":152,"column":4},"end":{"line":152,"column":null}},{"start":{},"end":{}}],"line":152},"6":{"loc":{"start":{"line":163,"column":25},"end":{"line":163,"column":null}},"type":"binary-expr","locations":[{"start":{"line":163,"column":25},"end":{"line":163,"column":47}},{"start":{"line":163,"column":47},"end":{"line":163,"column":null}}],"line":163},"7":{"loc":{"start":{"line":166,"column":2},"end":{"line":177,"column":null}},"type":"if","locations":[{"start":{"line":166,"column":2},"end":{"line":177,"column":null}},{"start":{},"end":{}}],"line":166},"8":{"loc":{"start":{"line":170,"column":37},"end":{"line":170,"column":52}},"type":"binary-expr","locations":[{"start":{"line":170,"column":37},"end":{"line":170,"column":50}},{"start":{"line":170,"column":50},"end":{"line":170,"column":52}}],"line":170},"9":{"loc":{"start":{"line":172,"column":6},"end":{"line":172,"column":null}},"type":"if","locations":[{"start":{"line":172,"column":6},"end":{"line":172,"column":null}},{"start":{},"end":{}}],"line":172},"10":{"loc":{"start":{"line":173,"column":6},"end":{"line":173,"column":null}},"type":"if","locations":[{"start":{"line":173,"column":6},"end":{"line":173,"column":null}},{"start":{},"end":{}}],"line":173},"11":{"loc":{"start":{"line":180,"column":2},"end":{"line":195,"column":null}},"type":"if","locations":[{"start":{"line":180,"column":2},"end":{"line":195,"column":null}},{"start":{},"end":{}}],"line":180},"12":{"loc":{"start":{"line":184,"column":4},"end":{"line":184,"column":null}},"type":"if","locations":[{"start":{"line":184,"column":4},"end":{"line":184,"column":null}},{"start":{},"end":{}}],"line":184},"13":{"loc":{"start":{"line":185,"column":4},"end":{"line":185,"column":null}},"type":"if","locations":[{"start":{"line":185,"column":4},"end":{"line":185,"column":null}},{"start":{},"end":{}}],"line":185},"14":{"loc":{"start":{"line":186,"column":4},"end":{"line":186,"column":null}},"type":"if","locations":[{"start":{"line":186,"column":4},"end":{"line":186,"column":null}},{"start":{},"end":{}}],"line":186},"15":{"loc":{"start":{"line":189,"column":37},"end":{"line":189,"column":52}},"type":"binary-expr","locations":[{"start":{"line":189,"column":37},"end":{"line":189,"column":50}},{"start":{"line":189,"column":50},"end":{"line":189,"column":52}}],"line":189},"16":{"loc":{"start":{"line":191,"column":6},"end":{"line":191,"column":null}},"type":"if","locations":[{"start":{"line":191,"column":6},"end":{"line":191,"column":null}},{"start":{},"end":{}}],"line":191},"17":{"loc":{"start":{"line":203,"column":2},"end":{"line":205,"column":null}},"type":"if","locations":[{"start":{"line":203,"column":2},"end":{"line":205,"column":null}},{"start":{},"end":{}}],"line":203},"18":{"loc":{"start":{"line":208,"column":2},"end":{"line":208,"column":null}},"type":"if","locations":[{"start":{"line":208,"column":2},"end":{"line":208,"column":null}},{"start":{},"end":{}}],"line":208},"19":{"loc":{"start":{"line":209,"column":2},"end":{"line":209,"column":null}},"type":"if","locations":[{"start":{"line":209,"column":2},"end":{"line":209,"column":null}},{"start":{},"end":{}}],"line":209},"20":{"loc":{"start":{"line":210,"column":2},"end":{"line":210,"column":null}},"type":"if","locations":[{"start":{"line":210,"column":2},"end":{"line":210,"column":null}},{"start":{},"end":{}}],"line":210},"21":{"loc":{"start":{"line":211,"column":2},"end":{"line":211,"column":null}},"type":"if","locations":[{"start":{"line":211,"column":2},"end":{"line":211,"column":null}},{"start":{},"end":{}}],"line":211},"22":{"loc":{"start":{"line":212,"column":2},"end":{"line":212,"column":null}},"type":"if","locations":[{"start":{"line":212,"column":2},"end":{"line":212,"column":null}},{"start":{},"end":{}}],"line":212},"23":{"loc":{"start":{"line":215,"column":2},"end":{"line":215,"column":null}},"type":"if","locations":[{"start":{"line":215,"column":2},"end":{"line":215,"column":null}},{"start":{},"end":{}}],"line":215},"24":{"loc":{"start":{"line":216,"column":2},"end":{"line":216,"column":null}},"type":"if","locations":[{"start":{"line":216,"column":2},"end":{"line":216,"column":null}},{"start":{},"end":{}}],"line":216},"25":{"loc":{"start":{"line":217,"column":2},"end":{"line":217,"column":null}},"type":"if","locations":[{"start":{"line":217,"column":2},"end":{"line":217,"column":null}},{"start":{},"end":{}}],"line":217},"26":{"loc":{"start":{"line":225,"column":2},"end":{"line":225,"column":null}},"type":"if","locations":[{"start":{"line":225,"column":2},"end":{"line":225,"column":null}},{"start":{},"end":{}}],"line":225},"27":{"loc":{"start":{"line":231,"column":37},"end":{"line":231,"column":69}},"type":"binary-expr","locations":[{"start":{"line":231,"column":37},"end":{"line":231,"column":60}},{"start":{"line":231,"column":60},"end":{"line":231,"column":69}}],"line":231},"28":{"loc":{"start":{"line":234,"column":4},"end":{"line":234,"column":null}},"type":"if","locations":[{"start":{"line":234,"column":4},"end":{"line":234,"column":null}},{"start":{},"end":{}}],"line":234},"29":{"loc":{"start":{"line":234,"column":8},"end":{"line":234,"column":50}},"type":"binary-expr","locations":[{"start":{"line":234,"column":8},"end":{"line":234,"column":40}},{"start":{"line":234,"column":40},"end":{"line":234,"column":50}}],"line":234},"30":{"loc":{"start":{"line":236,"column":15},"end":{"line":236,"column":null}},"type":"binary-expr","locations":[{"start":{"line":236,"column":15},"end":{"line":236,"column":29}},{"start":{"line":236,"column":29},"end":{"line":236,"column":null}}],"line":236},"31":{"loc":{"start":{"line":238,"column":4},"end":{"line":255,"column":null}},"type":"if","locations":[{"start":{"line":238,"column":4},"end":{"line":255,"column":null}},{"start":{"line":252,"column":11},"end":{"line":255,"column":null}}],"line":238},"32":{"loc":{"start":{"line":261,"column":2},"end":{"line":261,"column":null}},"type":"if","locations":[{"start":{"line":261,"column":2},"end":{"line":261,"column":null}},{"start":{},"end":{}}],"line":261},"33":{"loc":{"start":{"line":270,"column":2},"end":{"line":270,"column":null}},"type":"if","locations":[{"start":{"line":270,"column":2},"end":{"line":270,"column":null}},{"start":{},"end":{}}],"line":270},"34":{"loc":{"start":{"line":274,"column":37},"end":{"line":274,"column":69}},"type":"binary-expr","locations":[{"start":{"line":274,"column":37},"end":{"line":274,"column":60}},{"start":{"line":274,"column":60},"end":{"line":274,"column":69}}],"line":274},"35":{"loc":{"start":{"line":276,"column":4},"end":{"line":276,"column":null}},"type":"if","locations":[{"start":{"line":276,"column":4},"end":{"line":276,"column":null}},{"start":{},"end":{}}],"line":276},"36":{"loc":{"start":{"line":276,"column":8},"end":{"line":276,"column":39}},"type":"binary-expr","locations":[{"start":{"line":276,"column":8},"end":{"line":276,"column":15}},{"start":{"line":276,"column":15},"end":{"line":276,"column":39}}],"line":276},"37":{"loc":{"start":{"line":278,"column":4},"end":{"line":278,"column":null}},"type":"if","locations":[{"start":{"line":278,"column":4},"end":{"line":278,"column":null}},{"start":{},"end":{}}],"line":278},"38":{"loc":{"start":{"line":281,"column":4},"end":{"line":281,"column":null}},"type":"if","locations":[{"start":{"line":281,"column":4},"end":{"line":281,"column":null}},{"start":{},"end":{}}],"line":281},"39":{"loc":{"start":{"line":293,"column":2},"end":{"line":293,"column":null}},"type":"if","locations":[{"start":{"line":293,"column":2},"end":{"line":293,"column":null}},{"start":{},"end":{}}],"line":293},"40":{"loc":{"start":{"line":293,"column":6},"end":{"line":293,"column":47}},"type":"binary-expr","locations":[{"start":{"line":293,"column":6},"end":{"line":293,"column":17}},{"start":{"line":293,"column":17},"end":{"line":293,"column":28}},{"start":{"line":293,"column":28},"end":{"line":293,"column":47}}],"line":293},"41":{"loc":{"start":{"line":297,"column":37},"end":{"line":297,"column":69}},"type":"binary-expr","locations":[{"start":{"line":297,"column":37},"end":{"line":297,"column":60}},{"start":{"line":297,"column":60},"end":{"line":297,"column":69}}],"line":297},"42":{"loc":{"start":{"line":299,"column":4},"end":{"line":299,"column":null}},"type":"if","locations":[{"start":{"line":299,"column":4},"end":{"line":299,"column":null}},{"start":{},"end":{}}],"line":299},"43":{"loc":{"start":{"line":299,"column":8},"end":{"line":299,"column":39}},"type":"binary-expr","locations":[{"start":{"line":299,"column":8},"end":{"line":299,"column":15}},{"start":{"line":299,"column":15},"end":{"line":299,"column":39}}],"line":299},"44":{"loc":{"start":{"line":303,"column":4},"end":{"line":303,"column":null}},"type":"if","locations":[{"start":{"line":303,"column":4},"end":{"line":303,"column":null}},{"start":{},"end":{}}],"line":303},"45":{"loc":{"start":{"line":305,"column":17},"end":{"line":305,"column":null}},"type":"binary-expr","locations":[{"start":{"line":305,"column":17},"end":{"line":305,"column":31}},{"start":{"line":305,"column":31},"end":{"line":305,"column":null}}],"line":305},"46":{"loc":{"start":{"line":312,"column":2},"end":{"line":312,"column":null}},"type":"if","locations":[{"start":{"line":312,"column":2},"end":{"line":312,"column":null}},{"start":{},"end":{}}],"line":312},"47":{"loc":{"start":{"line":317,"column":37},"end":{"line":317,"column":69}},"type":"binary-expr","locations":[{"start":{"line":317,"column":37},"end":{"line":317,"column":60}},{"start":{"line":317,"column":60},"end":{"line":317,"column":69}}],"line":317},"48":{"loc":{"start":{"line":319,"column":4},"end":{"line":319,"column":null}},"type":"if","locations":[{"start":{"line":319,"column":4},"end":{"line":319,"column":null}},{"start":{},"end":{}}],"line":319},"49":{"loc":{"start":{"line":327,"column":2},"end":{"line":327,"column":null}},"type":"if","locations":[{"start":{"line":327,"column":2},"end":{"line":327,"column":null}},{"start":{},"end":{}}],"line":327},"50":{"loc":{"start":{"line":332,"column":37},"end":{"line":332,"column":69}},"type":"binary-expr","locations":[{"start":{"line":332,"column":37},"end":{"line":332,"column":60}},{"start":{"line":332,"column":60},"end":{"line":332,"column":69}}],"line":332},"51":{"loc":{"start":{"line":334,"column":4},"end":{"line":334,"column":null}},"type":"if","locations":[{"start":{"line":334,"column":4},"end":{"line":334,"column":null}},{"start":{},"end":{}}],"line":334},"52":{"loc":{"start":{"line":342,"column":2},"end":{"line":342,"column":null}},"type":"if","locations":[{"start":{"line":342,"column":2},"end":{"line":342,"column":null}},{"start":{},"end":{}}],"line":342},"53":{"loc":{"start":{"line":344,"column":9},"end":{"line":344,"column":null}},"type":"cond-expr","locations":[{"start":{"line":344,"column":40},"end":{"line":344,"column":45}},{"start":{"line":344,"column":45},"end":{"line":344,"column":null}}],"line":344},"54":{"loc":{"start":{"line":344,"column":9},"end":{"line":344,"column":40}},"type":"binary-expr","locations":[{"start":{"line":344,"column":9},"end":{"line":344,"column":35}},{"start":{"line":344,"column":35},"end":{"line":344,"column":40}}],"line":344},"55":{"loc":{"start":{"line":349,"column":2},"end":{"line":349,"column":null}},"type":"if","locations":[{"start":{"line":349,"column":2},"end":{"line":349,"column":null}},{"start":{},"end":{}}],"line":349},"56":{"loc":{"start":{"line":351,"column":2},"end":{"line":351,"column":null}},"type":"if","locations":[{"start":{"line":351,"column":2},"end":{"line":351,"column":null}},{"start":{},"end":{}}],"line":351},"57":{"loc":{"start":{"line":352,"column":9},"end":{"line":352,"column":null}},"type":"binary-expr","locations":[{"start":{"line":352,"column":9},"end":{"line":352,"column":26}},{"start":{"line":352,"column":26},"end":{"line":352,"column":null}}],"line":352},"58":{"loc":{"start":{"line":365,"column":2},"end":{"line":365,"column":null}},"type":"if","locations":[{"start":{"line":365,"column":2},"end":{"line":365,"column":null}},{"start":{},"end":{}}],"line":365},"59":{"loc":{"start":{"line":369,"column":37},"end":{"line":369,"column":69}},"type":"binary-expr","locations":[{"start":{"line":369,"column":37},"end":{"line":369,"column":60}},{"start":{"line":369,"column":60},"end":{"line":369,"column":69}}],"line":369},"60":{"loc":{"start":{"line":371,"column":4},"end":{"line":371,"column":null}},"type":"if","locations":[{"start":{"line":371,"column":4},"end":{"line":371,"column":null}},{"start":{},"end":{}}],"line":371},"61":{"loc":{"start":{"line":379,"column":6},"end":{"line":379,"column":null}},"type":"if","locations":[{"start":{"line":379,"column":6},"end":{"line":379,"column":null}},{"start":{},"end":{}}],"line":379},"62":{"loc":{"start":{"line":387,"column":6},"end":{"line":389,"column":null}},"type":"if","locations":[{"start":{"line":387,"column":6},"end":{"line":389,"column":null}},{"start":{},"end":{}}],"line":387},"63":{"loc":{"start":{"line":402,"column":2},"end":{"line":402,"column":null}},"type":"if","locations":[{"start":{"line":402,"column":2},"end":{"line":402,"column":null}},{"start":{},"end":{}}],"line":402},"64":{"loc":{"start":{"line":403,"column":9},"end":{"line":403,"column":null}},"type":"binary-expr","locations":[{"start":{"line":403,"column":9},"end":{"line":403,"column":33}},{"start":{"line":403,"column":33},"end":{"line":403,"column":null}}],"line":403},"65":{"loc":{"start":{"line":411,"column":4},"end":{"line":413,"column":null}},"type":"if","locations":[{"start":{"line":411,"column":4},"end":{"line":413,"column":null}},{"start":{},"end":{}}],"line":411},"66":{"loc":{"start":{"line":436,"column":37},"end":{"line":436,"column":69}},"type":"binary-expr","locations":[{"start":{"line":436,"column":37},"end":{"line":436,"column":60}},{"start":{"line":436,"column":60},"end":{"line":436,"column":69}}],"line":436},"67":{"loc":{"start":{"line":464,"column":37},"end":{"line":464,"column":69}},"type":"binary-expr","locations":[{"start":{"line":464,"column":37},"end":{"line":464,"column":60}},{"start":{"line":464,"column":60},"end":{"line":464,"column":69}}],"line":464},"68":{"loc":{"start":{"line":467,"column":4},"end":{"line":467,"column":null}},"type":"if","locations":[{"start":{"line":467,"column":4},"end":{"line":467,"column":null}},{"start":{},"end":{}}],"line":467},"69":{"loc":{"start":{"line":469,"column":4},"end":{"line":469,"column":null}},"type":"if","locations":[{"start":{"line":469,"column":4},"end":{"line":469,"column":null}},{"start":{},"end":{}}],"line":469},"70":{"loc":{"start":{"line":470,"column":4},"end":{"line":470,"column":null}},"type":"if","locations":[{"start":{"line":470,"column":4},"end":{"line":470,"column":null}},{"start":{},"end":{}}],"line":470},"71":{"loc":{"start":{"line":471,"column":4},"end":{"line":471,"column":null}},"type":"if","locations":[{"start":{"line":471,"column":4},"end":{"line":471,"column":null}},{"start":{},"end":{}}],"line":471},"72":{"loc":{"start":{"line":485,"column":37},"end":{"line":485,"column":69}},"type":"binary-expr","locations":[{"start":{"line":485,"column":37},"end":{"line":485,"column":60}},{"start":{"line":485,"column":60},"end":{"line":485,"column":69}}],"line":485},"73":{"loc":{"start":{"line":492,"column":6},"end":{"line":496,"column":null}},"type":"if","locations":[{"start":{"line":492,"column":6},"end":{"line":496,"column":null}},{"start":{},"end":{}}],"line":492},"74":{"loc":{"start":{"line":513,"column":37},"end":{"line":513,"column":69}},"type":"binary-expr","locations":[{"start":{"line":513,"column":37},"end":{"line":513,"column":60}},{"start":{"line":513,"column":60},"end":{"line":513,"column":69}}],"line":513},"75":{"loc":{"start":{"line":516,"column":4},"end":{"line":516,"column":null}},"type":"if","locations":[{"start":{"line":516,"column":4},"end":{"line":516,"column":null}},{"start":{},"end":{}}],"line":516},"76":{"loc":{"start":{"line":519,"column":4},"end":{"line":519,"column":null}},"type":"if","locations":[{"start":{"line":519,"column":4},"end":{"line":519,"column":null}},{"start":{},"end":{}}],"line":519},"77":{"loc":{"start":{"line":522,"column":4},"end":{"line":522,"column":null}},"type":"if","locations":[{"start":{"line":522,"column":4},"end":{"line":522,"column":null}},{"start":{},"end":{}}],"line":522},"78":{"loc":{"start":{"line":529,"column":4},"end":{"line":538,"column":null}},"type":"if","locations":[{"start":{"line":529,"column":4},"end":{"line":538,"column":null}},{"start":{"line":532,"column":11},"end":{"line":538,"column":null}}],"line":529},"79":{"loc":{"start":{"line":555,"column":37},"end":{"line":555,"column":69}},"type":"binary-expr","locations":[{"start":{"line":555,"column":37},"end":{"line":555,"column":60}},{"start":{"line":555,"column":60},"end":{"line":555,"column":69}}],"line":555},"80":{"loc":{"start":{"line":558,"column":4},"end":{"line":558,"column":null}},"type":"if","locations":[{"start":{"line":558,"column":4},"end":{"line":558,"column":null}},{"start":{},"end":{}}],"line":558},"81":{"loc":{"start":{"line":558,"column":8},"end":{"line":558,"column":34}},"type":"binary-expr","locations":[{"start":{"line":558,"column":8},"end":{"line":558,"column":17}},{"start":{"line":558,"column":17},"end":{"line":558,"column":34}}],"line":558},"82":{"loc":{"start":{"line":571,"column":9},"end":{"line":571,"column":null}},"type":"binary-expr","locations":[{"start":{"line":571,"column":9},"end":{"line":571,"column":51}},{"start":{"line":571,"column":51},"end":{"line":571,"column":null}}],"line":571},"83":{"loc":{"start":{"line":586,"column":2},"end":{"line":586,"column":null}},"type":"if","locations":[{"start":{"line":586,"column":2},"end":{"line":586,"column":null}},{"start":{},"end":{}}],"line":586},"84":{"loc":{"start":{"line":587,"column":9},"end":{"line":587,"column":null}},"type":"binary-expr","locations":[{"start":{"line":587,"column":9},"end":{"line":587,"column":27}},{"start":{"line":587,"column":27},"end":{"line":587,"column":null}}],"line":587},"85":{"loc":{"start":{"line":610,"column":37},"end":{"line":610,"column":69}},"type":"binary-expr","locations":[{"start":{"line":610,"column":37},"end":{"line":610,"column":60}},{"start":{"line":610,"column":60},"end":{"line":610,"column":69}}],"line":610},"86":{"loc":{"start":{"line":624,"column":4},"end":{"line":626,"column":null}},"type":"if","locations":[{"start":{"line":624,"column":4},"end":{"line":626,"column":null}},{"start":{},"end":{}}],"line":624},"87":{"loc":{"start":{"line":627,"column":4},"end":{"line":629,"column":null}},"type":"if","locations":[{"start":{"line":627,"column":4},"end":{"line":629,"column":null}},{"start":{},"end":{}}],"line":627},"88":{"loc":{"start":{"line":644,"column":37},"end":{"line":644,"column":69}},"type":"binary-expr","locations":[{"start":{"line":644,"column":37},"end":{"line":644,"column":60}},{"start":{"line":644,"column":60},"end":{"line":644,"column":69}}],"line":644},"89":{"loc":{"start":{"line":647,"column":4},"end":{"line":647,"column":null}},"type":"if","locations":[{"start":{"line":647,"column":4},"end":{"line":647,"column":null}},{"start":{},"end":{}}],"line":647},"90":{"loc":{"start":{"line":651,"column":4},"end":{"line":659,"column":null}},"type":"if","locations":[{"start":{"line":651,"column":4},"end":{"line":659,"column":null}},{"start":{},"end":{}}],"line":651},"91":{"loc":{"start":{"line":656,"column":6},"end":{"line":658,"column":null}},"type":"if","locations":[{"start":{"line":656,"column":6},"end":{"line":658,"column":null}},{"start":{},"end":{}}],"line":656},"92":{"loc":{"start":{"line":675,"column":37},"end":{"line":675,"column":69}},"type":"binary-expr","locations":[{"start":{"line":675,"column":37},"end":{"line":675,"column":60}},{"start":{"line":675,"column":60},"end":{"line":675,"column":69}}],"line":675},"93":{"loc":{"start":{"line":680,"column":6},"end":{"line":682,"column":null}},"type":"if","locations":[{"start":{"line":680,"column":6},"end":{"line":682,"column":null}},{"start":{},"end":{}}],"line":680},"94":{"loc":{"start":{"line":688,"column":6},"end":{"line":695,"column":null}},"type":"if","locations":[{"start":{"line":688,"column":6},"end":{"line":695,"column":null}},{"start":{},"end":{}}],"line":688},"95":{"loc":{"start":{"line":688,"column":10},"end":{"line":688,"column":57}},"type":"binary-expr","locations":[{"start":{"line":688,"column":10},"end":{"line":688,"column":18}},{"start":{"line":688,"column":18},"end":{"line":688,"column":57}}],"line":688},"96":{"loc":{"start":{"line":692,"column":8},"end":{"line":694,"column":null}},"type":"if","locations":[{"start":{"line":692,"column":8},"end":{"line":694,"column":null}},{"start":{},"end":{}}],"line":692},"97":{"loc":{"start":{"line":710,"column":18},"end":{"line":710,"column":null}},"type":"binary-expr","locations":[{"start":{"line":710,"column":18},"end":{"line":710,"column":62}},{"start":{"line":710,"column":62},"end":{"line":710,"column":null}}],"line":710},"98":{"loc":{"start":{"line":716,"column":2},"end":{"line":718,"column":null}},"type":"if","locations":[{"start":{"line":716,"column":2},"end":{"line":718,"column":null}},{"start":{},"end":{}}],"line":716},"99":{"loc":{"start":{"line":739,"column":9},"end":{"line":739,"column":null}},"type":"binary-expr","locations":[{"start":{"line":739,"column":9},"end":{"line":739,"column":36}},{"start":{"line":739,"column":36},"end":{"line":739,"column":null}}],"line":739},"100":{"loc":{"start":{"line":752,"column":4},"end":{"line":754,"column":null}},"type":"binary-expr","locations":[{"start":{"line":752,"column":4},"end":{"line":752,"column":null}},{"start":{"line":753,"column":4},"end":{"line":753,"column":null}},{"start":{"line":754,"column":5},"end":{"line":754,"column":34}},{"start":{"line":754,"column":34},"end":{"line":754,"column":null}}],"line":752},"101":{"loc":{"start":{"line":785,"column":4},"end":{"line":785,"column":null}},"type":"if","locations":[{"start":{"line":785,"column":4},"end":{"line":785,"column":null}},{"start":{},"end":{}}],"line":785},"102":{"loc":{"start":{"line":787,"column":4},"end":{"line":790,"column":null}},"type":"if","locations":[{"start":{"line":787,"column":4},"end":{"line":790,"column":null}},{"start":{},"end":{}}],"line":787},"103":{"loc":{"start":{"line":787,"column":8},"end":{"line":787,"column":66}},"type":"binary-expr","locations":[{"start":{"line":787,"column":8},"end":{"line":787,"column":39}},{"start":{"line":787,"column":39},"end":{"line":787,"column":66}}],"line":787}},"s":{"0":2,"1":0,"2":0,"3":0,"4":0,"5":0,"6":0,"7":0,"8":0,"9":0,"10":0,"11":0,"12":0,"13":0,"14":0,"15":0,"16":0,"17":0,"18":0,"19":0,"20":0,"21":0,"22":0,"23":0,"24":0,"25":0,"26":0,"27":0,"28":0,"29":0,"30":0,"31":0,"32":0,"33":0,"34":0,"35":0,"36":0,"37":0,"38":0,"39":0,"40":0,"41":0,"42":0,"43":0,"44":0,"45":0,"46":0,"47":0,"48":0,"49":0,"50":0,"51":0,"52":0,"53":0,"54":0,"55":0,"56":0,"57":0,"58":0,"59":0,"60":0,"61":0,"62":0,"63":0,"64":0,"65":0,"66":0,"67":0,"68":0,"69":0,"70":0,"71":0,"72":0,"73":0,"74":0,"75":0,"76":0,"77":0,"78":0,"79":0,"80":0,"81":0,"82":0,"83":0,"84":0,"85":0,"86":0,"87":0,"88":0,"89":0,"90":0,"91":0,"92":0,"93":0,"94":0,"95":0,"96":0,"97":0,"98":0,"99":0,"100":0,"101":0,"102":0,"103":0,"104":0,"105":0,"106":0,"107":0,"108":0,"109":0,"110":0,"111":0,"112":0,"113":0,"114":0,"115":0,"116":0,"117":0,"118":0,"119":0,"120":0,"121":0,"122":0,"123":0,"124":0,"125":0,"126":0,"127":0,"128":0,"129":0,"130":0,"131":0,"132":0,"133":0,"134":0,"135":0,"136":0,"137":0,"138":0,"139":0,"140":0,"141":0,"142":0,"143":0,"144":0,"145":0,"146":0,"147":0,"148":0,"149":0,"150":0,"151":0,"152":0,"153":0,"154":0,"155":0,"156":0,"157":0,"158":0,"159":0,"160":0,"161":0,"162":0,"163":0,"164":0,"165":0,"166":0,"167":0,"168":0,"169":0,"170":0,"171":0,"172":0,"173":0,"174":0,"175":0,"176":0,"177":0,"178":0,"179":0,"180":0,"181":0,"182":0,"183":0,"184":0,"185":0,"186":0,"187":0,"188":0,"189":0,"190":0,"191":0,"192":0,"193":0,"194":0,"195":0,"196":0,"197":0,"198":0,"199":0,"200":0,"201":0,"202":0,"203":0,"204":0,"205":0,"206":0,"207":0,"208":0,"209":0,"210":0,"211":0,"212":0,"213":0,"214":0,"215":0,"216":0,"217":0,"218":0,"219":0,"220":0,"221":0,"222":0,"223":0,"224":0,"225":0,"226":0,"227":0,"228":0,"229":0,"230":0,"231":0,"232":0,"233":0,"234":0,"235":0,"236":0,"237":0,"238":0,"239":0,"240":0,"241":0,"242":0,"243":0,"244":0,"245":0,"246":0,"247":0,"248":0,"249":0,"250":0,"251":0,"252":0,"253":0,"254":0,"255":0,"256":0,"257":0,"258":0,"259":0,"260":0,"261":0,"262":0,"263":0,"264":0,"265":0,"266":0,"267":0,"268":0,"269":0,"270":0,"271":0,"272":0,"273":0,"274":0,"275":0,"276":0,"277":0,"278":0,"279":0,"280":0,"281":0,"282":0,"283":0,"284":0,"285":0,"286":0,"287":0,"288":0,"289":0,"290":0,"291":0,"292":0,"293":0,"294":0,"295":0,"296":0,"297":0,"298":0,"299":0,"300":0,"301":0,"302":0,"303":0,"304":0,"305":0,"306":0,"307":0,"308":0,"309":0,"310":0,"311":0,"312":0,"313":0},"f":{"0":0,"1":0,"2":0,"3":0,"4":0,"5":0,"6":0,"7":0,"8":0,"9":0,"10":0,"11":0,"12":0,"13":0,"14":0,"15":0,"16":0,"17":0,"18":0,"19":0,"20":0,"21":0,"22":0,"23":0,"24":0,"25":0,"26":0,"27":0,"28":0,"29":0,"30":0,"31":0,"32":0,"33":0,"34":0,"35":0,"36":0,"37":0,"38":0,"39":0,"40":0,"41":0,"42":0,"43":0,"44":0,"45":0,"46":0,"47":0,"48":0,"49":0,"50":0,"51":0,"52":0,"53":0,"54":0,"55":0,"56":0,"57":0,"58":0,"59":0,"60":0,"61":0,"62":0,"63":0,"64":0,"65":0,"66":0,"67":0,"68":0,"69":0},"b":{"0":[0,0],"1":[0,0],"2":[0,0],"3":[0,0],"4":[0,0],"5":[0,0],"6":[0,0],"7":[0,0],"8":[0,0],"9":[0,0],"10":[0,0],"11":[0,0],"12":[0,0],"13":[0,0],"14":[0,0],"15":[0,0],"16":[0,0],"17":[0,0],"18":[0,0],"19":[0,0],"20":[0,0],"21":[0,0],"22":[0,0],"23":[0,0],"24":[0,0],"25":[0,0],"26":[0,0],"27":[0,0],"28":[0,0],"29":[0,0],"30":[0,0],"31":[0,0],"32":[0,0],"33":[0,0],"34":[0,0],"35":[0,0],"36":[0,0],"37":[0,0],"38":[0,0],"39":[0,0],"40":[0,0,0],"41":[0,0],"42":[0,0],"43":[0,0],"44":[0,0],"45":[0,0],"46":[0,0],"47":[0,0],"48":[0,0],"49":[0,0],"50":[0,0],"51":[0,0],"52":[0,0],"53":[0,0],"54":[0,0],"55":[0,0],"56":[0,0],"57":[0,0],"58":[0,0],"59":[0,0],"60":[0,0],"61":[0,0],"62":[0,0],"63":[0,0],"64":[0,0],"65":[0,0],"66":[0,0],"67":[0,0],"68":[0,0],"69":[0,0],"70":[0,0],"71":[0,0],"72":[0,0],"73":[0,0],"74":[0,0],"75":[0,0],"76":[0,0],"77":[0,0],"78":[0,0],"79":[0,0],"80":[0,0],"81":[0,0],"82":[0,0],"83":[0,0],"84":[0,0],"85":[0,0],"86":[0,0],"87":[0,0],"88":[0,0],"89":[0,0],"90":[0,0],"91":[0,0],"92":[0,0],"93":[0,0],"94":[0,0],"95":[0,0],"96":[0,0],"97":[0,0],"98":[0,0],"99":[0,0],"100":[0,0,0,0],"101":[0,0],"102":[0,0],"103":[0,0]},"meta":{"lastBranch":104,"lastFunction":70,"lastStatement":314,"seen":{"s:4:45:4:Infinity":0,"f:112:9:112:25":0,"s:113:2:117:Infinity":1,"s:114:4:114:Infinity":2,"s:116:4:116:Infinity":3,"f:120:9:120:23":1,"s:121:2:121:Infinity":4,"f:124:16:124:36":2,"s:125:13:125:Infinity":5,"s:126:13:126:Infinity":6,"b:127:2:127:Infinity:undefined:undefined:undefined:undefined":0,"s:127:2:127:Infinity":7,"s:127:17:127:Infinity":8,"b:128:2:128:Infinity:undefined:undefined:undefined:undefined":1,"s:128:2:128:Infinity":9,"s:128:32:128:Infinity":10,"s:129:2:129:Infinity":11,"f:132:9:132:26":3,"s:133:15:133:Infinity":12,"b:133:15:133:43:133:43:133:Infinity":2,"s:134:2:134:Infinity":13,"b:134:9:134:39:134:39:134:Infinity":3,"f:137:9:137:22":4,"s:138:14:143:Infinity":14,"f:140:11:140:12":5,"s:140:18:140:26":15,"f:142:11:142:12":6,"s:142:18:142:33":16,"s:144:2:144:Infinity":17,"f:147:9:147:30":7,"s:148:16:148:Infinity":18,"s:149:15:149:Infinity":19,"s:150:2:154:Infinity":20,"s:151:10:151:Infinity":21,"b:151:17:151:25:151:25:151:29":4,"b:152:4:152:Infinity:undefined:undefined:undefined:undefined":5,"s:152:4:152:Infinity":22,"s:152:14:152:Infinity":23,"s:153:4:153:Infinity":24,"s:155:2:155:Infinity":25,"f:162:9:162:33":8,"s:163:25:163:Infinity":26,"b:163:25:163:47:163:47:163:Infinity":6,"b:166:2:177:Infinity:undefined:undefined:undefined:undefined":7,"s:166:2:177:Infinity":27,"s:167:4:167:Infinity":28,"s:170:4:174:Infinity":29,"b:170:37:170:50:170:50:170:52":8,"s:171:19:171:Infinity":30,"b:172:6:172:Infinity:undefined:undefined:undefined:undefined":9,"s:172:6:172:Infinity":31,"s:172:24:172:Infinity":32,"b:173:6:173:Infinity:undefined:undefined:undefined:undefined":10,"s:173:6:173:Infinity":33,"s:173:29:173:Infinity":34,"s:176:4:176:Infinity":35,"b:180:2:195:Infinity:undefined:undefined:undefined:undefined":11,"s:180:2:195:Infinity":36,"s:181:4:181:Infinity":37,"b:184:4:184:Infinity:undefined:undefined:undefined:undefined":12,"s:184:4:184:Infinity":38,"s:184:35:184:Infinity":39,"b:185:4:185:Infinity:undefined:undefined:undefined:undefined":13,"s:185:4:185:Infinity":40,"s:185:26:185:Infinity":41,"b:186:4:186:Infinity:undefined:undefined:undefined:undefined":14,"s:186:4:186:Infinity":42,"s:186:29:186:Infinity":43,"s:189:4:192:Infinity":44,"b:189:37:189:50:189:50:189:52":15,"s:190:19:190:Infinity":45,"b:191:6:191:Infinity:undefined:undefined:undefined:undefined":16,"s:191:6:191:Infinity":46,"s:191:27:191:Infinity":47,"s:194:4:194:Infinity":48,"f:198:16:198:44":9,"s:200:2:200:Infinity":49,"b:203:2:205:Infinity:undefined:undefined:undefined:undefined":17,"s:203:2:205:Infinity":50,"s:204:4:204:Infinity":51,"b:208:2:208:Infinity:undefined:undefined:undefined:undefined":18,"s:208:2:208:Infinity":52,"s:208:17:208:Infinity":53,"b:209:2:209:Infinity:undefined:undefined:undefined:undefined":19,"s:209:2:209:Infinity":54,"s:209:28:209:Infinity":55,"b:210:2:210:Infinity:undefined:undefined:undefined:undefined":20,"s:210:2:210:Infinity":56,"s:210:26:210:Infinity":57,"b:211:2:211:Infinity:undefined:undefined:undefined:undefined":21,"s:211:2:211:Infinity":58,"s:211:18:211:Infinity":59,"b:212:2:212:Infinity:undefined:undefined:undefined:undefined":22,"s:212:2:212:Infinity":60,"s:212:28:212:Infinity":61,"b:215:2:215:Infinity:undefined:undefined:undefined:undefined":23,"s:215:2:215:Infinity":62,"s:215:33:215:Infinity":63,"b:216:2:216:Infinity:undefined:undefined:undefined:undefined":24,"s:216:2:216:Infinity":64,"s:216:24:216:Infinity":65,"b:217:2:217:Infinity:undefined:undefined:undefined:undefined":25,"s:217:2:217:Infinity":66,"s:217:27:217:Infinity":67,"f:220:22:220:Infinity":10,"s:224:14:224:Infinity":68,"b:225:2:225:Infinity:undefined:undefined:undefined:undefined":26,"s:225:2:225:Infinity":69,"s:225:12:225:Infinity":70,"s:227:33:227:Infinity":71,"s:228:14:228:Infinity":72,"s:230:2:256:Infinity":73,"f:230:16:230:17":11,"s:231:4:231:Infinity":74,"b:231:37:231:60:231:60:231:69":27,"s:233:21:233:Infinity":75,"b:234:4:234:Infinity:undefined:undefined:undefined:undefined":28,"s:234:4:234:Infinity":76,"b:234:8:234:40:234:40:234:50":29,"s:234:50:234:Infinity":77,"s:236:15:236:Infinity":78,"b:236:15:236:29:236:29:236:Infinity":30,"s:237:4:237:Infinity":79,"b:238:4:255:Infinity:252:11:255:Infinity":31,"s:238:4:255:Infinity":80,"s:239:6:251:Infinity":81,"s:253:6:253:Infinity":82,"s:254:6:254:Infinity":83,"s:259:14:259:Infinity":84,"s:260:13:260:Infinity":85,"b:261:2:261:Infinity:undefined:undefined:undefined:undefined":32,"s:261:2:261:Infinity":86,"s:261:11:261:Infinity":87,"s:262:2:262:Infinity":88,"f:265:16:265:33":12,"s:269:14:269:Infinity":89,"b:270:2:270:Infinity:undefined:undefined:undefined:undefined":33,"s:270:2:270:Infinity":90,"s:270:12:270:Infinity":91,"s:271:14:271:Infinity":92,"s:273:2:283:Infinity":93,"f:273:23:273:24":13,"s:274:4:274:Infinity":94,"b:274:37:274:60:274:60:274:69":34,"s:275:15:275:Infinity":95,"b:276:4:276:Infinity:undefined:undefined:undefined:undefined":35,"s:276:4:276:Infinity":96,"b:276:8:276:15:276:15:276:39":36,"s:276:39:276:Infinity":97,"s:277:17:277:Infinity":98,"b:278:4:278:Infinity:undefined:undefined:undefined:undefined":37,"s:278:4:278:Infinity":99,"s:278:15:278:Infinity":100,"s:279:4:279:Infinity":101,"s:280:4:280:Infinity":102,"b:281:4:281:Infinity:undefined:undefined:undefined:undefined":38,"s:281:4:281:Infinity":103,"s:281:21:281:Infinity":104,"s:282:4:282:Infinity":105,"f:286:16:286:34":14,"s:291:17:291:Infinity":106,"s:292:17:292:Infinity":107,"b:293:2:293:Infinity:undefined:undefined:undefined:undefined":39,"s:293:2:293:Infinity":108,"b:293:6:293:17:293:17:293:28:293:28:293:47":40,"s:293:47:293:Infinity":109,"s:294:14:294:Infinity":110,"s:296:2:307:Infinity":111,"f:296:23:296:24":15,"s:297:4:297:Infinity":112,"b:297:37:297:60:297:60:297:69":41,"s:298:15:298:Infinity":113,"b:299:4:299:Infinity:undefined:undefined:undefined:undefined":42,"s:299:4:299:Infinity":114,"b:299:8:299:15:299:15:299:39":43,"s:299:39:299:Infinity":115,"s:300:4:300:Infinity":116,"s:301:4:301:Infinity":117,"s:302:17:302:Infinity":118,"b:303:4:303:Infinity:undefined:undefined:undefined:undefined":44,"s:303:4:303:Infinity":119,"s:303:15:303:Infinity":120,"s:304:4:304:Infinity":121,"s:305:4:305:Infinity":122,"b:305:17:305:31:305:31:305:Infinity":45,"s:306:4:306:Infinity":123,"f:310:16:310:28":16,"s:311:13:311:Infinity":124,"b:312:2:312:Infinity:undefined:undefined:undefined:undefined":46,"s:312:2:312:Infinity":125,"s:312:11:312:Infinity":126,"s:313:15:313:Infinity":127,"s:314:14:314:Infinity":128,"s:316:2:322:Infinity":129,"f:316:23:316:24":17,"s:317:4:317:Infinity":130,"b:317:37:317:60:317:60:317:69":47,"s:318:17:318:Infinity":131,"b:319:4:319:Infinity:undefined:undefined:undefined:undefined":48,"s:319:4:319:Infinity":132,"s:319:15:319:Infinity":133,"s:320:4:320:Infinity":134,"s:321:4:321:Infinity":135,"f:325:16:325:40":18,"s:326:13:326:Infinity":136,"b:327:2:327:Infinity:undefined:undefined:undefined:undefined":49,"s:327:2:327:Infinity":137,"s:327:11:327:Infinity":138,"s:328:15:328:Infinity":139,"s:329:14:329:Infinity":140,"s:331:2:337:Infinity":141,"f:331:23:331:24":19,"s:332:4:332:Infinity":142,"b:332:37:332:60:332:60:332:69":50,"s:333:17:333:Infinity":143,"b:334:4:334:Infinity:undefined:undefined:undefined:undefined":51,"s:334:4:334:Infinity":144,"s:334:15:334:Infinity":145,"s:335:4:335:Infinity":146,"s:336:4:336:Infinity":147,"f:340:16:340:36":20,"s:341:14:341:Infinity":148,"b:342:2:342:Infinity:undefined:undefined:undefined:undefined":52,"s:342:2:342:Infinity":149,"s:342:12:342:Infinity":150,"s:343:13:343:Infinity":151,"s:344:2:344:Infinity":152,"b:344:40:344:45:344:45:344:Infinity":53,"b:344:9:344:35:344:35:344:40":54,"f:347:16:347:36":21,"s:348:13:348:Infinity":153,"b:349:2:349:Infinity:undefined:undefined:undefined:undefined":55,"s:349:2:349:Infinity":154,"s:349:11:349:Infinity":155,"s:350:15:350:Infinity":156,"b:351:2:351:Infinity:undefined:undefined:undefined:undefined":56,"s:351:2:351:Infinity":157,"s:351:13:351:Infinity":158,"s:352:2:352:Infinity":159,"b:352:9:352:26:352:26:352:Infinity":57,"f:359:16:359:33":22,"s:364:13:364:Infinity":160,"b:365:2:365:Infinity:undefined:undefined:undefined:undefined":58,"s:365:2:365:Infinity":161,"s:365:11:365:Infinity":162,"s:366:14:366:Infinity":163,"s:368:2:394:Infinity":164,"f:368:23:368:24":23,"s:369:4:369:Infinity":165,"b:369:37:369:60:369:60:369:69":59,"s:370:17:370:Infinity":166,"b:371:4:371:Infinity:undefined:undefined:undefined:undefined":60,"s:371:4:371:Infinity":167,"s:371:15:371:Infinity":168,"s:374:4:374:Infinity":169,"s:375:4:375:Infinity":170,"s:378:4:391:Infinity":171,"b:379:6:379:Infinity:undefined:undefined:undefined:undefined":61,"s:379:6:379:Infinity":172,"s:379:21:379:Infinity":173,"s:381:6:385:Infinity":174,"b:387:6:389:Infinity:undefined:undefined:undefined:undefined":62,"s:387:6:389:Infinity":175,"s:388:8:388:Infinity":176,"s:390:6:390:Infinity":177,"s:393:4:393:Infinity":178,"f:400:16:400:33":24,"s:401:15:401:Infinity":179,"b:402:2:402:Infinity:undefined:undefined:undefined:undefined":63,"s:402:2:402:Infinity":180,"s:402:13:402:Infinity":181,"s:403:2:403:Infinity":182,"b:403:9:403:33:403:33:403:Infinity":64,"f:409:16:409:34":25,"s:410:2:414:Infinity":183,"b:411:4:413:Infinity:undefined:undefined:undefined:undefined":65,"s:411:4:413:Infinity":184,"s:412:6:412:Infinity":185,"s:415:2:415:Infinity":186,"f:426:16:426:41":26,"s:432:13:432:Infinity":187,"s:433:14:433:Infinity":188,"s:435:2:446:Infinity":189,"f:435:23:435:24":27,"s:436:4:436:Infinity":190,"b:436:37:436:60:436:60:436:69":66,"s:438:4:445:Infinity":191,"s:448:2:448:Infinity":192,"f:454:16:454:41":28,"s:461:14:461:Infinity":193,"s:463:2:473:Infinity":194,"f:463:23:463:24":29,"s:464:4:464:Infinity":195,"b:464:37:464:60:464:60:464:69":67,"s:466:16:466:Infinity":196,"b:467:4:467:Infinity:undefined:undefined:undefined:undefined":68,"s:467:4:467:Infinity":197,"s:467:14:467:Infinity":198,"b:469:4:469:Infinity:undefined:undefined:undefined:undefined":69,"s:469:4:469:Infinity":199,"s:469:35:469:Infinity":200,"b:470:4:470:Infinity:undefined:undefined:undefined:undefined":70,"s:470:4:470:Infinity":201,"s:470:37:470:Infinity":202,"b:471:4:471:Infinity:undefined:undefined:undefined:undefined":71,"s:471:4:471:Infinity":203,"s:471:35:471:Infinity":204,"s:472:4:472:Infinity":205,"f:480:16:480:41":30,"s:484:2:498:Infinity":206,"f:484:23:484:24":31,"s:485:4:485:Infinity":207,"b:485:37:485:60:485:60:485:69":72,"s:488:4:488:Infinity":208,"s:491:4:497:Infinity":209,"b:492:6:496:Infinity:undefined:undefined:undefined:undefined":73,"s:492:6:496:Infinity":210,"s:493:8:495:Infinity":211,"f:494:10:494:11":32,"s:494:36:494:Infinity":212,"f:504:16:504:36":33,"s:510:14:510:Infinity":213,"s:512:2:541:Infinity":214,"f:512:23:512:24":34,"s:513:4:513:Infinity":215,"b:513:37:513:60:513:60:513:69":74,"s:515:17:515:Infinity":216,"b:516:4:516:Infinity:undefined:undefined:undefined:undefined":75,"s:516:4:516:Infinity":217,"s:516:15:516:Infinity":218,"b:519:4:519:Infinity:undefined:undefined:undefined:undefined":76,"s:519:4:519:Infinity":219,"s:519:56:519:Infinity":220,"b:522:4:522:Infinity:undefined:undefined:undefined:undefined":77,"s:522:4:522:Infinity":221,"s:522:25:522:Infinity":222,"s:525:26:527:Infinity":223,"f:526:6:526:7":35,"s:526:32:526:Infinity":224,"b:529:4:538:Infinity:532:11:538:Infinity":78,"s:529:4:538:Infinity":225,"s:531:6:531:Infinity":226,"s:534:6:537:Infinity":227,"s:540:4:540:Infinity":228,"f:547:16:547:39":36,"s:552:14:552:Infinity":229,"s:554:2:564:Infinity":230,"f:554:23:554:24":37,"s:555:4:555:Infinity":231,"b:555:37:555:60:555:60:555:69":79,"s:557:17:557:Infinity":232,"b:558:4:558:Infinity:undefined:undefined:undefined:undefined":80,"s:558:4:558:Infinity":233,"b:558:8:558:17:558:17:558:34":81,"s:558:34:558:Infinity":234,"s:560:4:562:Infinity":235,"f:561:6:561:7":38,"s:561:32:561:Infinity":236,"s:563:4:563:Infinity":237,"f:570:16:570:38":39,"s:571:2:571:Infinity":238,"b:571:9:571:51:571:51:571:Infinity":82,"f:577:16:577:42":40,"s:578:2:578:Infinity":239,"f:584:16:584:41":41,"s:585:15:585:Infinity":240,"b:586:2:586:Infinity:undefined:undefined:undefined:undefined":83,"s:586:2:586:Infinity":241,"s:586:13:586:Infinity":242,"s:587:2:587:Infinity":243,"b:587:9:587:27:587:27:587:Infinity":84,"f:598:16:598:29":42,"s:606:13:606:Infinity":244,"s:607:14:607:Infinity":245,"s:609:2:630:Infinity":246,"f:609:23:609:24":43,"s:610:4:610:Infinity":247,"b:610:37:610:60:610:60:610:69":85,"s:613:4:621:Infinity":248,"b:624:4:626:Infinity:undefined:undefined:undefined:undefined":86,"s:624:4:626:Infinity":249,"s:625:6:625:Infinity":250,"b:627:4:629:Infinity:undefined:undefined:undefined:undefined":87,"s:627:4:629:Infinity":251,"s:628:6:628:Infinity":252,"s:632:2:632:Infinity":253,"f:639:16:639:32":44,"s:643:2:663:Infinity":254,"f:643:23:643:24":45,"s:644:4:644:Infinity":255,"b:644:37:644:60:644:60:644:69":88,"s:646:17:646:Infinity":256,"b:647:4:647:Infinity:undefined:undefined:undefined:undefined":89,"s:647:4:647:Infinity":257,"s:647:15:647:Infinity":258,"s:650:25:650:Infinity":259,"b:651:4:659:Infinity:undefined:undefined:undefined:undefined":90,"s:651:4:659:Infinity":260,"s:652:6:654:Infinity":261,"f:653:8:653:9":46,"s:653:24:653:Infinity":262,"b:656:6:658:Infinity:undefined:undefined:undefined:undefined":91,"s:656:6:658:Infinity":263,"s:657:8:657:Infinity":264,"s:662:4:662:Infinity":265,"f:670:16:670:36":47,"s:674:2:698:Infinity":266,"f:674:23:674:24":48,"s:675:4:675:Infinity":267,"b:675:37:675:60:675:60:675:69":92,"s:678:36:678:Infinity":268,"s:679:4:683:Infinity":269,"b:680:6:682:Infinity:undefined:undefined:undefined:undefined":93,"s:680:6:682:Infinity":270,"s:681:8:681:Infinity":271,"s:686:4:697:Infinity":272,"s:687:19:687:Infinity":273,"b:688:6:695:Infinity:undefined:undefined:undefined:undefined":94,"s:688:6:695:Infinity":274,"b:688:10:688:18:688:18:688:57":95,"s:689:8:691:Infinity":275,"f:690:10:690:11":49,"s:690:26:690:Infinity":276,"b:692:8:694:Infinity:undefined:undefined:undefined:undefined":96,"s:692:8:694:Infinity":277,"s:693:10:693:Infinity":278,"s:696:6:696:Infinity":279,"f:705:16:705:29":50,"s:710:18:710:Infinity":280,"b:710:18:710:62:710:62:710:Infinity":97,"s:711:16:713:Infinity":281,"f:712:9:712:15":51,"s:712:15:712:41":282,"f:713:12:713:13":52,"s:713:41:713:59":283,"b:716:2:718:Infinity:undefined:undefined:undefined:undefined":98,"s:716:2:718:Infinity":284,"s:717:4:717:Infinity":285,"f:717:24:717:32":53,"s:717:32:717:69":286,"s:720:2:720:Infinity":287,"f:726:16:726:33":54,"s:730:2:732:Infinity":288,"f:731:4:731:12":55,"s:731:12:731:Infinity":289,"f:738:16:738:29":56,"s:739:2:739:Infinity":290,"b:739:9:739:36:739:36:739:Infinity":99,"f:745:16:745:31":57,"s:751:2:755:Infinity":291,"f:751:52:751:Infinity":58,"s:752:4:754:Infinity":292,"b:752:4:752:Infinity:753:4:753:Infinity:754:5:754:34:754:34:754:Infinity":100,"f:765:16:765:36":59,"s:769:2:771:Infinity":293,"f:769:48:769:Infinity":60,"s:770:4:770:Infinity":294,"f:770:25:770:31":61,"s:770:31:770:70":295,"f:777:16:777:41":62,"s:783:2:792:Infinity":296,"f:783:48:783:56":63,"s:784:21:784:Infinity":297,"f:784:42:784:48":64,"s:784:48:784:87":298,"b:785:4:785:Infinity:undefined:undefined:undefined:undefined":101,"s:785:4:785:Infinity":299,"s:785:19:785:Infinity":300,"s:786:23:786:Infinity":301,"b:787:4:790:Infinity:undefined:undefined:undefined:undefined":102,"s:787:4:790:Infinity":302,"b:787:8:787:39:787:39:787:66":103,"s:789:6:789:Infinity":303,"s:791:4:791:Infinity":304,"f:798:16:798:34":65,"s:802:20:802:Infinity":305,"s:803:24:803:Infinity":306,"f:803:50:803:58":66,"s:803:58:803:75":307,"s:804:2:806:Infinity":308,"f:805:9:805:15":67,"s:805:15:805:35":309,"f:806:12:806:13":68,"s:806:41:806:59":310,"f:812:16:812:34":69,"s:816:19:816:Infinity":311,"s:817:19:817:Infinity":312,"s:818:2:822:Infinity":313}}}
[...]
lumn":null}},"20":{"start":{"line":314,"column":2},"end":{"line":314,"column":null}}},"fnMap":{"0":{"name":"dispatchEditorCommand","decl":{"start":{"line":27,"column":9},"end":{"line":27,"column":31}},"loc":{"start":{"line":27,"column":83},"end":{"line":33,"column":null}},"line":27},"1":{"name":"(anonymous_1)","decl":{"start":{"line":50,"column":12},"end":{"line":50,"column":18}},"loc":{"start":{"line":50,"column":18},"end":{"line":50,"column":null}},"line":50},"2":{"name":"(anonymous_2)","decl":{"start":{"line":65,"column":12},"end":{"line":65,"column":18}},"loc":{"start":{"line":65,"column":18},"end":{"line":65,"column":null}},"line":65},"3":{"name":"(anonymous_3)","decl":{"start":{"line":82,"column":12},"end":{"line":82,"column":18}},"loc":{"start":{"line":82,"column":18},"end":{"line":82,"column":null}},"line":82},"4":{"name":"(anonymous_4)","decl":{"start":{"line":97,"column":12},"end":{"line":97,"column":18}},"loc":{"start":{"line":97,"column":18},"end":{"line":97,"column":null}},"line":97},"5":{"name":"(anonymous_5)","decl":{"start":{"line":114,"column":12},"end":{"line":114,"column":18}},"loc":{"start":{"line":114,"column":18},"end":{"line":114,"column":null}},"line":114},"6":{"name":"(anonymous_6)","decl":{"start":{"line":129,"column":12},"end":{"line":129,"column":18}},"loc":{"start":{"line":129,"column":18},"end":{"line":129,"column":null}},"line":129},"7":{"name":"(anonymous_7)","decl":{"start":{"line":146,"column":12},"end":{"line":146,"column":18}},"loc":{"start":{"line":146,"column":18},"end":{"line":146,"column":null}},"line":146},"8":{"name":"(anonymous_8)","decl":{"start":{"line":161,"column":12},"end":{"line":161,"column":18}},"loc":{"start":{"line":161,"column":18},"end":{"line":161,"column":null}},"line":161},"9":{"name":"(anonymous_9)","decl":{"start":{"line":178,"column":12},"end":{"line":178,"column":18}},"loc":{"start":{"line":178,"column":18},"end":{"line":178,"column":null}},"line":178},"10":{"name":"(anonymous_10)","decl":{"start":{"line":204,"column":12},"end":{"line":204,"column":18}},"loc":{"start":{"line":204,"column":18},"end":{"line":204,"column":null}},"line":204},"11":{"name":"(anonymous_11)","decl":{"start":{"line":224,"column":12},"end":{"line":224,"column":18}},"loc":{"start":{"line":224,"column":18},"end":{"line":224,"column":null}},"line":224},"12":{"name":"(anonymous_12)","decl":{"start":{"line":244,"column":12},"end":{"line":244,"column":18}},"loc":{"start":{"line":244,"column":18},"end":{"line":244,"column":null}},"line":244},"13":{"name":"(anonymous_13)","decl":{"start":{"line":265,"column":12},"end":{"line":265,"column":18}},"loc":{"start":{"line":265,"column":18},"end":{"line":265,"column":null}},"line":265},"14":{"name":"(anonymous_14)","decl":{"start":{"line":285,"column":12},"end":{"line":285,"column":18}},"loc":{"start":{"line":285,"column":18},"end":{"line":285,"column":null}},"line":285},"15":{"name":"(anonymous_15)","decl":{"start":{"line":306,"column":12},"end":{"line":306,"column":18}},"loc":{"start":{"line":306,"column":18},"end":{"line":306,"column":null}},"line":306},"16":{"name":"registerLinkingCommands","decl":{"start":{"line":313,"column":16},"end":{"line":313,"column":48}},"loc":{"start":{"line":313,"column":48},"end":{"line":315,"column":null}},"line":313}},"branchMap":{},"s":{"0":1,"1":1,"2":1,"3":0,"4":1,"5":0,"6":0,"7":0,"8":0,"9":0,"10":0,"11":0,"12":0,"13":0,"14":0,"15":0,"16":0,"17":0,"18":0,"19":0,"20":37},"f":{"0":0,"1":0,"2":0,"3":0,"4":0,"5":0,"6":0,"7":0,"8":0,"9":0,"10":0,"11":0,"12":0,"13":0,"14":0,"15":0,"16":37},"b":{},"meta":{"lastBranch":0,"lastFunction":17,"lastStatement":21,"seen":{"s:16:41:16:Infinity":0,"s:19:36:19:Infinity":1,"s:22:37:22:Infinity":2,"f:27:9:27:31":0,"s:28:2:32:Infinity":3,"s:35:40:308:Infinity":4,"f:50:12:50:18":1,"s:50:18:50:Infinity":5,"f:65:12:65:18":2,"s:65:18:65:Infinity":6,"f:82:12:82:18":3,"s:82:18:82:Infinity":7,"f:97:12:97:18":4,"s:97:18:97:Infinity":8,"f:114:12:114:18":5,"s:114:18:114:Infinity":9,"f:129:12:129:18":6,"s:129:18:129:Infinity":10,"f:146:12:146:18":7,"s:146:18:146:Infinity":11,"f:161:12:161:18":8,"s:161:18:161:Infinity":12,"f:178:12:178:18":9,"s:178:18:178:Infinity":13,"f:204:12:204:18":10,"s:204:18:204:Infinity":14,"f:224:12:224:18":11,"s:224:18:224:Infinity":15,"f:244:12:244:18":12,"s:244:18:244:Infinity":16,"f:265:12:265:18":13,"s:265:18:265:Infinity":17,"f:285:12:285:18":14,"s:285:18:285:Infinity":18,"f:306:12:306:18":15,"s:306:18:306:Infinity":19,"f:313:16:313:48":16,"s:314:2:314:Infinity":20}}}
,"/home/linuxdesktop/Code/mutter/src/voice/commands/meta.ts": {"path":"/home/linuxdesktop/Code/mutter/src/voice/commands/meta.ts","statementMap":{"0":{"start":{"line":17,"column":36},"end":{"line":17,"column":null}},"1":{"start":{"line":20,"column":34},"end":{"line":27,"column":null}},"2":{"start":{"line":33,"column":2},"end":{"line":37,"column":null}},"3":{"start":{"line":40,"column":37},"end":{"line":543,"column":null}},"4":{"start":{"line":55,"column":18},"end":{"line":55,"column":null}},"5":{"start":{"line":70,"column":18},"end":{"line":70,"column":null}},"6":{"start":{"line":87,"column":18},"end":{"line":87,"column":null}},"7":{"start":{"line":102,"column":18},"end":{"line":102,"column":null}},"8":{"start":{"line":119,"column":18},"end":{"line":119,"column":null}},"9":{"start":{"line":136,"column":18},"end":{"line":136,"column":null}},"10":{"start":{"line":153,"column":18},"end":{"line":153,"column":null}},"11":{"start":{"line":168,"column":18},"end":{"line":168,"column":null}},"12":{"start":{"line":185,"column":18},"end":{"line":185,"column":null}},"13":{"start":{"line":200,"column":18},"end":{"line":200,"column":null}},"14":{"start":{"line":215,"column":18},"end":{"line":215,"column":null}},"15":{"start":{"line":232,"column":18},"end":{"line":232,"column":null}},"16":{"start":{"line":258,"column":18},"end":{"line":258,"column":null}},"17":{"start":{"line":279,"column":18},"end":{"line":279,"column":null}},"18":{"start":{"line":300,"column":18},"end":{"line":300,"column":null}},"19":{"start":{"line":321,"column":18},"end":{"line":321,"column":null}},"20":{"start":{"line":346,"column":18},"end":{"line":346,"column":null}},"21":{"start":{"line":366,"column":18},"end":{"line":366,"column":null}},"22":{"start":{"line":386,"column":18},"end":{"line":386,"column":null}},"23":{"start":{"line":406,"column":18},"end":{"line":406,"column":null}},"24":{"start":{"line":426,"column":18},"end":{"line":426,"column":null}},"25":{"start":{"line":450,"column":18},"end":{"line":450,"column":null}},"26":{"start":{"line":470,"column":18},"end":{"line":470,"column":null}},"27":{"start":{"line":490,"column":18},"end":{"line":490,"column":null}},"28":{"start":{"line":510,"column":18},"end":{"line":510,"column":null}},"29":{"start":{"line":538,"column":6},"end":{"line":540,"column":null}},"30":{"start":{"line":549,"column":2},"end":{"line":549,"column":null}}},"fnMap":{"0":{"name":"dispatchEditorCommand","decl":{"start":{"line":32,"column":9},"end":{"line":32,"column":31}},"loc":{"start":{"line":32,"column":83},"end":{"line":38,"column":null}},"line":32},"1":{"name":"(anonymous_1)","decl":{"start":{"line":55,"column":12},"end":{"line":55,"column":18}},"loc":{"start":{"line":55,"column":18},"end":{"line":55,"column":null}},"line":55},"2":{"name":"(anonymous_2)","decl":{"start":{"line":70,"column":12},"end":{"line":70,"column":18}},"loc":{"start":{"line":70,"column":18},"end":{"line":70,"column":null}},"line":70},"3":{"name":"(anonymous_3)","decl":{"start":{"line":87,"column":12},"end":{"line":87,"column":18}},"loc":{"start":{"line":87,"column":18},"end":{"line":87,"column":null}},"line":87},"4":{"name":"(anonymous_4)","decl":{"start":{"line":102,"column":12},"end":{"line":102,"column":18}},"loc":{"start":{"line":102,"column":18},"end":{"line":102,"column":null}},"line":102},"5":{"name":"(anonymous_5)","decl":{"start":{"line":119,"column":12},"end":{"line":119,"column":18}},"loc":{"start":{"line":119,"column":18},"end":{"line":119,"column":null}},"line":119},"6":{"name":"(anonymous_6)","decl":{"start":{"line":136,"column":12},"end":{"line":136,"column":18}},"loc":{"start":{"line":136,"column":18},"end":{"line":136,"column":null}},"line":136},"7":{"name":"(anonymous_7)","decl":{"start":{"line":153,"column":12},"end":{"line":153,"column":18}},"loc":{"start":{"line":153,"column":18},"end":{"line":153,"column":null}},"line":153},"8":{"name":"(anonymous_8)","decl":{"start":{"line":168,"column":12},"end":{"line":168,"column":18}},"loc":{"start":{"line":168,"column":18},"end":{"line":168,"column":null}},"line":168},"9":{"name":"(anonymous_9)","decl":{"start":{"line":185,"column":12},"end":{"line":185,"column":18}},"loc":{"start":{"line":185,"column":18},"end":{"line":185,"column":null}},"line":185},"10":{"name":"(anonymous_10)","decl":{"start":{"line":200,"column":12},"end":{"line":200,"column":18}},"loc":{"start":{"line":200,"column":18},"end":{"line":200,"column":null}},"line":200},"11":{"name":"(anonymous_11)","decl":{"start":{"line":215,"column":12},"end":{"line":215,"column":18}},"loc":{"start":{"line":215,"column":18},"end":{"line":215,"column":null}},"line":215},"12":{"name":"(anonymous_12)","decl":{"start":{"line":232,"column":12},"end":{"line":232,"column":18}},"loc":{"start":{"line":232,"column":18},"end":{"line":232,"column":null}},"line":232},"13":{"name":"(anonymous_13)","decl":{"start":{"line":258,"column":12},"end":{"line":258,"column":18}},"loc":{"start":{"line":258,"column":18},"end":{"line":258,"column":null}},"line":258},"14":{"name":"(anonymous_14)","decl":{"start":{"line":279,"column":12},"end":{"line":279,"column":18}},"loc":{"start":{"line":279,"column":18},"end":{"line":279,"column":null}},"line":279},"15":{"name":"(anonymous_15)","decl":{"start":{"line":300,"column":12},"end":{"line":300,"column":18}},"loc":{"start":{"line":300,"column":18},"end":{"line":300,"column":null}},"line":300},"16":{"name":"(anonymous_16)","decl":{"start":{"line":321,"column":12},"end":{"line":321,"column":18}},"loc":{"start":{"line":321,"column":18},"end":{"line":321,"column":null}},"line":321},"17":{"name":"(anonymous_17)","decl":{"start":{"line":346,"column":12},"end":{"line":346,"column":18}},"loc":{"start":{"line":346,"column":18},"end":{"line":346,"column":null}},"line":346},"18":{"name":"(anonymous_18)","decl":{"start":{"line":366,"column":12},"end":{"line":366,"column":18}},"loc":{"start":{"line":366,"column":18},"end":{"line":366,"column":null}},"line":366},"19":{"name":"(anonymous_19)","decl":{"start":{"line":386,"column":12},"end":{"line":386,"column":18}},"loc":{"start":{"line":386,"column":18},"end":{"line":386,"column":null}},"line":386},"20":{"name":"(anonymous_20)","decl":{"start":{"line":406,"column":12},"end":{"line":406,"column":18}},"loc":{"start":{"line":406,"column":18},"end":{"line":406,"column":null}},"line":406},"21":{"name":"(anonymous_21)","decl":{"start":{"line":426,"column":12},"end":{"line":426,"column":18}},"loc":{"start":{"line":426,"column":18},"end":{"line":426,"column":null}},"line":426},"22":{"name":"(anonymous_22)","decl":{"start":{"line":450,"column":12},"end":{"line":450,"column":18}},"loc":{"start":{"line":450,"column":18},"end":{"line":450,"column":null}},"line":450},"23":{"name":"(anonymous_23)","decl":{"start":{"line":470,"column":12},"end":{"line":470,"column":18}},"loc":{"start":{"line":470,"column":18},"end":{"line":470,"column":null}},"line":470},"24":{"name":"(anonymous_24)","decl":{"start":{"line":490,"column":12},"end":{"line":490,"column":18}},"loc":{"start":{"line":490,"column":18},"end":{"line":490,"column":null}},"line":490},"25":{"name":"(anonymous_25)","decl":{"start":{"line":510,"column":12},"end":{"line":510,"column":18}},"loc":{"start":{"line":510,"column":18},"end":{"line":510,"column":null}},"line":510},"26":{"name":"(anonymous_26)","decl":{"start":{"line":537,"column":12},"end":{"line":537,"column":18}},"loc":{"start":{"line":537,"column":18},"end":{"line":541,"column":null}},"line":537},"27":{"name":"registerMetaCommands","decl":{"start":{"line":548,"column":16},"end":{"line":548,"column":45}},"loc":{"start":{"line":548,"column":45},"end":{"line":550,"column":null}},"line":548}},"branchMap":{},"s":{"0":1,"1":1,"2":0,"3":1,"4":0,"5":0,"6":0,"7":0,"8":0,"9":0,"10":0,"11":0,"12":0,"13":0,"14":0,"15":0,"16":0,"17":0,"18":0,"19":0,"20":0,"21":0,"22":0,"23":0,"24":0,"25":0,"26":0,"27":0,"28":0,"29":0,"30":37},"f":{"0":0,"1":0,"2":0,"3":0,"4":0,"5":0,"6":0,"7":0,"8":0,"9":0,"10":0,"11":0,"12":0,"13":0,"14":0,"15":0,"16":0,"17":0,"18":0,"19":0,"20":0,"21":0,"22":0,"23":0,"24":0,"25":0,"26":0,"27":37},"b":{},"meta":{"lastBranch":0,"lastFunction":28,"lastStatement":31,"seen":{"s:17:36:17:Infinity":0,"s:20:34:27:Infinity":1,"f:32:9:32:31":0,"s:33:2:37:Infinity":2,"s:40:37:543:Infinity":3,"f:55:12:55:18":1,"s:55:18:55:Infinity":4,"f:70:12:70:18":2,"s:70:18:70:Infinity":5,"f:87:12:87:18":3,"s:87:18:87:Infinity":6,"f:102:12:102:18":4,"s:102:18:102:Infinity":7,"f:119:12:119:18":5,"s:119:18:119:Infinity":8,"f:136:12:136:18":6,"s:136:18:136:Infinity":9,"f:153:12:153:18":7,"s:153:18:153:Infinity":10,"f:168:12:168:18":8,"s:168:18:168:Infinity":11,"f:185:12:185:18":9,"s:185:18:185:Infinity":12,"f:200:12:200:18":10,"s:200:18:200:Infinity":13,"f:215:12:215:18":11,"s:215:18:215:Infinity":14,"f:232:12:232:18":12,"s:232:18:232:Infinity":15,"f:258:12:258:18":13,"s:258:18:258:Infinity":16,"f:279:12:279:18":14,"s:279:18:279:Infinity":17,"f:300:12:300:18":15,"s:300:18:300:Infinity":18,"f:321:12:321:18":16,"s:321:18:321:Infinity":19,"f:346:12:346:18":17,"s:346:18:346:Infinity":20,"f:366:12:366:18":18,"s:366:18:366:Infinity":21,"f:386:12:386:18":19,"s:386:18:386:Infinity":22,"f:406:12:406:18":20,"s:406:18:406:Infinity":23,"f:426:12:426:18":21,"s:426:18:426:Infinity":24,"f:450:12:450:18":22,"s:450:18:450:Infinity":25,"f:470:12:470:18":23,"s:470:18:470:Infinity":26,"f:490:12:490:18":24,"s:490:18:490:Infinity":27,"f:510:12:510:18":25,"s:510:18:510:Infinity":28,"f:537:12:537:18":26,"s:538:6:540:Infinity":29,"f:548:16:548:45":27,"s:549:2:549:Infinity":30}}}
,"/home/linuxdesktop/Code/mutter/src/voice/commands/navigation.ts": {"path":"/home/linuxdesktop/Code/mutter/src/voice/commands/navigation.ts","statementMap":{"0":{"start":{"line":16,"column":35},"end":{"line":16,"column":null}},"1":{"start":{"line":19,"column":37},"end":{"line":19,"column":null}},"2":{"start":{"line":25,"column":2},"end":{"line":29,"column":null}},"3":{"start":{"line":32,"column":43},"end":{"line":188,"column":null}},"4":{"start":{"line":47,"column":18},"end":{"line":47,"column":null}},"5":{"start":{"line":62,"column":18},"end":{"line":62,"column":null}},"6":{"start":{"line":77,"column":18},"end":{"line":77,"column":null}},"7":{"start":{"line":92,"column":18},"end":{"line":92,"column":null}},"8":{"start":{"line":109,"column":18},"end":{"line":109,"column":null}},"9":{"start":{"line":124,"column":18},"end":{"line":124,"column":null}},"10":{"start":{"line":141,"column":18},"end":{"line":141,"column":null}},"11":{"start":{"line":156,"column":18},"end":{"line":156,"column":null}},"12":{"start":{"line":171,"column":18},"end":{"line":171,"column":null}},"13":{"start":{"line":186,"column":18},"end":{"line":186,"column":null}},"14":{"start":{"line":194,"column":2},"end":{"line":194,"column":null}}},"fnMap":{"0":{"name":"dispatchEditorCommand","decl":{"start":{"line":24,"column":9},"end":{"line":24,"column":31}},"loc":{"start":{"line":24,"column":83},"end":{"line":30,"column":null}},"line":24},"1":{"name":"(anonymous_1)","decl":{"start":{"line":47,"column":12},"end":{"line":47,"column":18}},"loc":{"start":{"line":47,"column":18},"end":{"line":47,"column":null}},"line":47},"2":{"name":"(anonymous_2)","decl":{"start":{"line":62,"column":12},"end":{"line":62,"column":18}},"loc":{"start":{"line":62,"column":18},"end":{"line":62,"column":null}},"line":62},"3":{"name":"(anonymous_3)","decl":{"start":{"line":77,"column":12},"end":{"line":77,"column":18}},"loc":{"start":{"line":77,"column":18},"end":{"line":77,"column":null}},"line":77},"4":{"name":"(anonymous_4)","decl":{"start":{"line":92,"column":12},"end":{"line":92,"column":18}},"loc":{"start":{"line":92,"column":18},"end":{"line":92,"column":null}},"line":92},"5":{"name":"(anonymous_5)","decl":{"start":{"line":109,"column":12},"end":{"line":109,"column":18}},"loc":{"start":{"line":109,"column":18},"end":{"line":109,"column":null}},"line":109},"6":{"name":"(anonymous_6)","decl":{"start":{"line":124,"column":12},"end":{"line":124,"column":18}},"loc":{"start":{"line":124,"column":18},"end":{"line":124,"column":null}},"line":124},"7":{"name":"(anonymous_7)","decl":{"start":{"line":141,"column":12},"end":{"line":141,"column":18}},"loc":{"start":{"line":141,"column":18},"end":{"line":141,"column":null}},"line":141},"8":{"name":"(anonymous_8)","decl":{"start":{"line":156,"column":12},"end":{"line":156,"column":18}},"loc":{"start":{"line":156,"column":18},"end":{"line":156,"column":null}},"line":156},"9":{"name":"(anonymous_9)","decl":{"start":{"line":171,"column":12},"end":{"line":171,"column":18}},"loc":{"start":{"line":171,"column":18},"end":{"line":171,"column":null}},"line":171},"10":{"name":"(anonymous_10)","decl":{"start":{"line":186,"column":12},"end":{"line":186,"column":18}},"loc":{"start":{"line":186,"column":18},"end":{"line":186,"column":null}},"line":186},"11":{"name":"registerNavigationCommands","decl":{"start":{"line":193,"column":16},"end":{"line":193,"column":51}},"loc":{"start":{"line":193,"column":51},"end":{"line":195,"column":null}},"line":193}},"branchMap":{},"s":{"0":1,"1":1,"2":0,"3":1,"4":0,"5":0,"6":0,"7":0,"8":0,"9":0,"10":0,"11":0,"12":0,"13":0,"14":37},"f":{"0":0,"1":0,"2":0,"3":0,"4":0,"5":0,"6":0,"7":0,"8":0,"9":0,"10":0,"11":37},"b":{},"meta":{"lastBranch":0,"lastFunction":12,"lastStatement":15,"seen":{"s:16:35:16:Infinity":0,"s:19:37:19:Infinity":1,"f:24:9:24:31":0,"s:25:2:29:Infinity":2,"s:32:43:188:Infinity":3,"f:47:12:47:18":1,"s:47:18:47:Infinity":4,"f:62:12:62:18":2,"s:62:18:62:Infinity":5,"f:77:12:77:18":3,"s:77:18:77:Infinity":6,"f:92:12:92:18":4,"s:92:18:92:Infinity":7,"f:109:12:109:18":5,"s:109:18:109:Infinity":8,"f:124:12:124:18":6,"s:124:18:124:Infinity":9,"f:141:12:141:18":7,"s:141:18:141:Infinity":10,"f:156:12:156:18":8,"s:156:18:156:Infinity":11,"f:171:12:171:18":9,"s:171:18:171:Infinity":12,"f:186:12:186:18":10,"s:186:18:186:Infinity":13,"f:193:16:193:51":11,"s:194:2:194:Infinity":14}}}
,"/home/linuxdesktop/Code/mutter/src/voice/commands/query.ts": {"path":"/home/linuxdesktop/Code/mutter/src/voice/commands/query.ts","statementMap":{"0":{"start":{"line":14,"column":2},"end":{"line":18,"column":null}},"1":{"start":{"line":24,"column":38},"end":{"line":50,"column":null}},"2":{"start":{"line":47,"column":6},"end":{"line":47,"column":null}},"3":{"start":{"line":56,"column":2},"end":{"line":56,"column":null}},"4":{"start":{"line":56,"column":33},"end":{"line":56,"column":62}}},"fnMap":{"0":{"name":"dispatchEditorCommand","decl":{"start":{"line":13,"column":9},"end":{"line":13,"column":31}},"loc":{"start":{"line":13,"column":54},"end":{"line":19,"column":null}},"line":13},"1":{"name":"(anonymous_1)","decl":{"start":{"line":46,"column":12},"end":{"line":46,"column":18}},"loc":{"start":{"line":46,"column":18},"end":{"line":48,"column":null}},"line":46},"2":{"name":"registerQueryCommands","decl":{"start":{"line":55,"column":16},"end":{"line":55,"column":46}},"loc":{"start":{"line":55,"column":46},"end":{"line":57,"column":null}},"line":55},"3":{"name":"(anonymous_3)","decl":{"start":{"line":56,"column":24},"end":{"line":56,"column":25}},"loc":{"start":{"line":56,"column":33},"end":{"line":56,"column":62}},"line":56}},"branchMap":{},"s":{"0":0,"1":1,"2":0,"3":37,"4":37},"f":{"0":0,"1":0,"2":37,"3":37},"b":{},"meta":{"lastBranch":0,"lastFunction":4,"lastStatement":5,"seen":{"f:13:9:13:31":0,"s:14:2:18:Infinity":0,"s:24:38:50:Infinity":1,"f:46:12:46:18":1,"s:47:6:47:Infinity":2,"f:55:16:55:46":2,"s:56:2:56:Infinity":3,"f:56:24:56:25":3,"s:56:33:56:62":4}}}
}
